<?xml version="1.0" encoding="UTF-8" ?>
<testsuite failures="0" time="1.813" errors="0" skipped="0" tests="91" name="TestSuite">
  <properties>
[...]
</properties>
  <testcase time="0.016" classname="entropy.core.heuristics.StickVMsHeuristicTest" name="testVMsByCPUTIMESMemIncreasing"/>
  <testcase time="0.008" classname="entropy.configuration.TestConfigurationGenerator" name="simpleTest"/>
  <testcase time="0.001" classname="entropy.configuration.TestConfigurationGenerator" name="testBunchOfVMs"/>
  <testcase time="0.003" classname="entropy.configuration.TestConfigurationGenerator" name="testSimpleCluster"/>
  <testcase time="0.002" classname="entropy.configuration.TestManagedElementSets" name="testMax"/>
  <testcase time="0.001" classname="entropy.configuration.TestManagedElementSets" name="testMin"/>
  <testcase time="0" classname="entropy.configuration.TestManagedElementSets" name="testNodeMax"/>
  <testcase time="0" classname="entropy.configuration.TestManagedElementSets" name="testNodeMin"/>
  <testcase time="0" classname="entropy.configuration.TestManagedElementSets" name="testNodeSum"/>
  <testcase time="0" classname="entropy.configuration.TestManagedElementSets" name="testSum"/>
  <testcase time="0" classname="entropy.configuration.TestResourcePicker" name="testNode"/>
  <testcase time="0.001" classname="entropy.configuration.TestResourcePicker" name="testVM"/>
  <testcase time="0" classname="entropy.configuration.TestSimpleVirtualMachine" name="testCPUConsumption"/>
  <testcase time="0" classname="entropy.configuration.TestSimpleVirtualMachine" name="testCPUMax"/>
  <testcase time="0.001" classname="entropy.configuration.TestSimpleVirtualMachine" name="testCopyConstructor"/>
  <testcase time="0" classname="entropy.configuration.TestSimpleVirtualMachine" name="testEquals"/>
  <testcase time="0" classname="entropy.configuration.TestSimpleVirtualMachine" name="testLazyConstructors"/>
  <testcase time="0" classname="entropy.configuration.TestSimpleVirtualMachine" name="testMemoryTotal"/>
  <testcase time="0.001" classname="entropy.configuration.TestSimpleVirtualMachine" name="testNbOfCPUs"/>
  <testcase time="0" classname="entropy.configuration.TestSimpleVirtualMachine" name="testPlatform"/>
  <testcase time="0" classname="entropy.configuration.TestSimpleVirtualMachine" name="testTemplate"/>
  <testcase time="0" classname="entropy.configuration.TestSimpleVirtualMachine" name="testToString"/>
  <testcase time="0" classname="entropy.configuration.TestSimpleVirtualMachine" name="testWithNeeds"/>
  <testcase time="0.001" classname="entropy.configuration.TestSimpleVirtualMachine" name="testWithNoNeeds"/>
  <testcase time="0.006" classname="entropy.configuration.TestVirtualMachineComparator" name="testEquivalent"/>
  <testcase time="0" classname="entropy.configuration.TestVirtualMachineComparator" name="testNonEquivalent"/>
  <testcase time="0" classname="entropy.configuration.TestVirtualMachineComparator" name="testSort"/>
  <testcase time="0" classname="entropy.tools.VMsPerMemTest" name="testSimpleORdering"/>
  <testcase time="0.001" classname="entropy.configuration.TestSimpleManagedElementSet" name="testToString"/>
  <testcase time="0" classname="entropy.configuration.TestSimpleManagedElementSet" name="testEquals"/>
  <testcase time="0" classname="entropy.configuration.TestSimpleManagedElementSet" name="testGetFromName"/>
  <testcase time="0.001" classname="entropy.configuration.TestSimpleManagedElementSet" name="testSelfContains"/>
  <testcase time="0" classname="entropy.configuration.TestSimpleManagedElementSet" name="testRetainAll"/>
  <testcase time="0.001" classname="entropy.configuration.TestSimpleManagedElementSet" name="testCopyConstructor"/>
  <testcase time="0" classname="entropy.configuration.TestSimpleManagedElementSet" name="testSingleton"/>
  <testcase time="0" classname="entropy.configuration.TestSimpleManagedElementSet" name="testClear"/>
  <testcase time="0.001" classname="entropy.configuration.TestSimpleManagedElementSet" name="testAddAll"/>
  <testcase time="0" classname="entropy.configuration.TestSimpleManagedElementSet" name="testSet"/>
  <testcase time="0" classname="entropy.configuration.TestSimpleManagedElementSet" name="testAdd"/>
  <testcase time="0" classname="entropy.configuration.TestSimpleManagedElementSet" name="testRemove"/>
  <testcase time="0.001" classname="entropy.configuration.TestConfiguration" name="testGetSleepingLocation"/>
  <testcase time="0.002" classname="entropy.configuration.TestConfiguration" name="testGetSleepings"/>
  <testcase time="0.001" classname="entropy.configuration.TestConfiguration" name="testGetPosition"/>
  <testcase time="0.001" classname="entropy.configuration.TestConfiguration" name="testSetSleepOn"/>
  <testcase time="0.002" classname="entropy.configuration.TestConfiguration" name="testRemove"/>
  <testcase time="0.002" classname="entropy.configuration.TestConfiguration" name="testToString"/>
  <testcase time="0.001" classname="entropy.configuration.TestConfiguration" name="testAddOffline"/>
  <testcase time="0.001" classname="entropy.configuration.TestConfiguration" name="testGetWaitings"/>
  <testcase time="0.002" classname="entropy.configuration.TestConfiguration" name="testGetRunnings"/>
  <testcase time="0.001" classname="entropy.configuration.TestConfiguration" name="testAddWaiting"/>
  <testcase time="0.001" classname="entropy.configuration.TestConfiguration" name="testAddOnline"/>
  <testcase time="0.004" classname="entropy.configuration.TestConfiguration" name="testNotEquals"/>
  <testcase time="0.001" classname="entropy.configuration.TestConfiguration" name="testGetRunningLocation"/>
  <testcase time="0.001" classname="entropy.configuration.TestConfiguration" name="testSetRunOn"/>
  <testcase time="0.003" classname="entropy.configuration.TestConfiguration" name="testEquals"/>
  <testcase time="0.001" classname="entropy.configuration.TestConfiguration" name="testGetOnlines"/>
  <testcase time="0" classname="entropy.configuration.TestSimpleNode" name="testCPUCapacity"/>
  <testcase time="0" classname="entropy.configuration.TestSimpleNode" name="testCopyConstructor"/>
  <testcase time="0" classname="entropy.configuration.TestSimpleNode" name="testLazyConstructor"/>
  <testcase time="0" classname="entropy.configuration.TestSimpleNode" name="testPlatform"/>
  <testcase time="0" classname="entropy.configuration.TestSimpleNode" name="testIPAddress"/>
  <testcase time="0" classname="entropy.configuration.TestSimpleNode" name="testEquals"/>
  <testcase time="0" classname="entropy.configuration.TestSimpleNode" name="testMemoryTotal"/>
  <testcase time="0" classname="entropy.configuration.TestSimpleNode" name="testNbOfCPUs"/>
  <testcase time="0.002" classname="entropy.configuration.TestSimpleConfiguration" name="testSetRunOn"/>
  <testcase time="0.001" classname="entropy.configuration.TestSimpleConfiguration" name="testAddOffline"/>
  <testcase time="0.001" classname="entropy.configuration.TestSimpleConfiguration" name="testGetLocation"/>
  <testcase time="0.001" classname="entropy.configuration.TestSimpleConfiguration" name="testGetOnlines"/>
  <testcase time="0.001" classname="entropy.configuration.TestSimpleConfiguration" name="testVMStateConsistency"/>
  <testcase time="0.001" classname="entropy.configuration.TestSimpleConfiguration" name="testSetSleepOn"/>
  <testcase time="0.004" classname="entropy.configuration.TestSimpleConfiguration" name="testNotEquals"/>
  <testcase time="0.001" classname="entropy.configuration.TestSimpleConfiguration" name="testToString"/>
  <testcase time="0.001" classname="entropy.configuration.TestSimpleConfiguration" name="testAddWaiting"/>
  <testcase time="0" classname="entropy.configuration.TestSimpleConfiguration" name="testAddOnline"/>
  <testcase time="0.001" classname="entropy.configuration.TestSimpleConfiguration" name="testAddOnline2"/>
  <testcase time="0.001" classname="entropy.configuration.TestSimpleConfiguration" name="testGetWaitings"/>
  <testcase time="0" classname="entropy.configuration.TestSimpleConfiguration" name="testRemove"/>
  <testcase time="0.001" classname="entropy.configuration.TestSimpleConfiguration" name="testGetRunnings"/>
  <testcase time="0.002" classname="entropy.configuration.TestSimpleConfiguration" name="testCopyConstructor"/>
  <testcase time="0.001" classname="entropy.configuration.TestSimpleConfiguration" name="testGetSleepings"/>
  <testcase time="0.005" classname="entropy.configuration.TestSimpleConfiguration" name="testClone"/>
  <testcase time="0.002" classname="entropy.configuration.TestSimpleConfiguration" name="testEquals"/>
  <testcase time="0.002" classname="entropy.configuration.parser.TestPlainTextConfigurationSerializer" name="testUnknownFile"/>
  <testcase time="0.002" classname="entropy.configuration.parser.TestPlainTextConfigurationSerializer" name="testBadContent"/>
  <testcase time="0.004" classname="entropy.configuration.parser.TestPlainTextConfigurationSerializer" name="test"/>
  <testcase time="0.132" classname="entropy.core.packers.TestFastBinPacking" name="testGuillaume"/>
  <testcase time="0.433" classname="entropy.core.packers.TestFastBinPacking" name="testLoadSup"/>
  <testcase time="0.001" classname="entropy.configuration.TestVirtualMachinesSetComparator" name="test1"/>
  <testcase time="0.167" classname="entropy.core.packers.FastBinPackerTest" name="testInsertDescreasing"/>
  <testcase time="0.034" classname="entropy.core.PowerStateTest" name="smallcentertest"/>
  <testcase time="0.016" classname="entropy.core.heuristics.StickVMsHeuristicTest" name="testSimpleConfigurationRemaining"/>
</testsuite>