<?xml version="1.0" encoding="UTF-8"?>
<testng-results skipped="0" failed="0" total="11" passed="11">
  <reporter-output>
  </reporter-output>
  <suite name="Default suite" duration-ms="62" started-at="2014-02-17T16:02:00Z" finished-at="2014-02-17T16:02:00Z">
    <groups>
      <group name="unit">
        <method signature="TestSimpleManagedElementSet.testAdd()[pri:0, instance:fr.emn.optiplace.configuration.TestSimpleManagedElementSet@2974baa]" name="testAdd" class="fr.emn.optiplace.configuration.TestSimpleManagedElementSet"/>
        <method signature="TestSimpleManagedElementSet.testAddAll()[pri:0, instance:fr.emn.optiplace.configuration.TestSimpleManagedElementSet@2974baa]" name="testAddAll" class="fr.emn.optiplace.configuration.TestSimpleManagedElementSet"/>
        <method signature="TestSimpleManagedElementSet.testClear()[pri:0, instance:fr.emn.optiplace.configuration.TestSimpleManagedElementSet@2974baa]" name="testClear" class="fr.emn.optiplace.configuration.TestSimpleManagedElementSet"/>
        <method signature="TestSimpleManagedElementSet.testCopyConstructor()[pri:0, instance:fr.emn.optiplace.configuration.TestSimpleManagedElementSet@2974baa]" name="testCopyConstructor" class="fr.emn.optiplace.configuration.TestSimpleManagedElementSet"/>
        <method signature="TestSimpleManagedElementSet.testEquals()[pri:0, instance:fr.emn.optiplace.configuration.TestSimpleManagedElementSet@2974baa]" name="testEquals" class="fr.emn.optiplace.configuration.TestSimpleManagedElementSet"/>
        <method signature="TestSimpleManagedElementSet.testGetFromName()[pri:0, instance:fr.emn.optiplace.configuration.TestSimpleManagedElementSet@2974baa]" name="testGetFromName" class="fr.emn.optiplace.configuration.TestSimpleManagedElementSet"/>
        <method signature="TestSimpleManagedElementSet.testRemove()[pri:0, instance:fr.emn.optiplace.configuration.TestSimpleManagedElementSet@2974baa]" name="testRemove" class="fr.emn.optiplace.configuration.TestSimpleManagedElementSet"/>
        <method signature="TestSimpleManagedElementSet.testRetainAll()[pri:0, instance:fr.emn.optiplace.configuration.TestSimpleManagedElementSet@2974baa]" name="testRetainAll" class="fr.emn.optiplace.configuration.TestSimpleManagedElementSet"/>
        <method signature="TestSimpleManagedElementSet.testSelfContains()[pri:0, instance:fr.emn.optiplace.configuration.TestSimpleManagedElementSet@2974baa]" name="testSelfContains" class="fr.emn.optiplace.configuration.TestSimpleManagedElementSet"/>
        <method signature="TestSimpleManagedElementSet.testSet()[pri:0, instance:fr.emn.optiplace.configuration.TestSimpleManagedElementSet@2974baa]" name="testSet" class="fr.emn.optiplace.configuration.TestSimpleManagedElementSet"/>
        <method signature="TestSimpleManagedElementSet.testSingleton()[pri:0, instance:fr.emn.optiplace.configuration.TestSimpleManagedElementSet@2974baa]" name="testSingleton" class="fr.emn.optiplace.configuration.TestSimpleManagedElementSet"/>
      </group> <!-- unit -->
    </groups>
    <test name="Default test" duration-ms="62" started-at="2014-02-17T16:02:00Z" finished-at="2014-02-17T16:02:00Z">
      <class name="fr.emn.optiplace.configuration.TestSimpleManagedElementSet">
        <test-method status="PASS" signature="testAdd()[pri:0, instance:fr.emn.optiplace.configuration.TestSimpleManagedElementSet@2974baa]" name="testAdd" duration-ms="24" started-at="2014-02-17T17:02:00Z" finished-at="2014-02-17T17:02:00Z">
          <reporter-output>
          </reporter-output>
        </test-method> <!-- testAdd -->
        <test-method status="PASS" signature="testAddAll()[pri:0, instance:fr.emn.optiplace.configuration.TestSimpleManagedElementSet@2974baa]" name="testAddAll" duration-ms="0" started-at="2014-02-17T17:02:00Z" finished-at="2014-02-17T17:02:00Z">
          <reporter-output>
          </reporter-output>
        </test-method> <!-- testAddAll -->
        <test-method status="PASS" signature="testClear()[pri:0, instance:fr.emn.optiplace.configuration.TestSimpleManagedElementSet@2974baa]" name="testClear" duration-ms="0" started-at="2014-02-17T17:02:00Z" finished-at="2014-02-17T17:02:00Z">
          <reporter-output>
          </reporter-output>
        </test-method> <!-- testClear -->
        <test-method status="PASS" signature="testCopyConstructor()[pri:0, instance:fr.emn.optiplace.configuration.TestSimpleManagedElementSet@2974baa]" name="testCopyConstructor" duration-ms="0" started-at="2014-02-17T17:02:00Z" finished-at="2014-02-17T17:02:00Z">
          <reporter-output>
          </reporter-output>
        </test-method> <!-- testCopyConstructor -->
        <test-method status="PASS" signature="testEquals()[pri:0, instance:fr.emn.optiplace.configuration.TestSimpleManagedElementSet@2974baa]" name="testEquals" duration-ms="1" started-at="2014-02-17T17:02:00Z" finished-at="2014-02-17T17:02:00Z">
          <reporter-output>
          </reporter-output>
        </test-method> <!-- testEquals -->
        <test-method status="PASS" signature="testGetFromName()[pri:0, instance:fr.emn.optiplace.configuration.TestSimpleManagedElementSet@2974baa]" name="testGetFromName" duration-ms="0" started-at="2014-02-17T17:02:00Z" finished-at="2014-02-17T17:02:00Z">
          <reporter-output>
          </reporter-output>
        </test-method> <!-- testGetFromName -->
        <test-method status="PASS" signature="testRemove()[pri:0, instance:fr.emn.optiplace.configuration.TestSimpleManagedElementSet@2974baa]" name="testRemove" duration-ms="0" started-at="2014-02-17T17:02:00Z" finished-at="2014-02-17T17:02:00Z">
          <reporter-output>
          </reporter-output>
        </test-method> <!-- testRemove -->
        <test-method status="PASS" signature="testRetainAll()[pri:0, instance:fr.emn.optiplace.configuration.TestSimpleManagedElementSet@2974baa]" name="testRetainAll" duration-ms="1" started-at="2014-02-17T17:02:00Z" finished-at="2014-02-17T17:02:00Z">
          <reporter-output>
          </reporter-output>
        </test-method> <!-- testRetainAll -->
        <test-method status="PASS" signature="testSelfContains()[pri:0, instance:fr.emn.optiplace.configuration.TestSimpleManagedElementSet@2974baa]" name="testSelfContains" duration-ms="5" started-at="2014-02-17T17:02:00Z" finished-at="2014-02-17T17:02:00Z">
          <reporter-output>
          </reporter-output>
        </test-method> <!-- testSelfContains -->
        <test-method status="PASS" signature="testSet()[pri:0, instance:fr.emn.optiplace.configuration.TestSimpleManagedElementSet@2974baa]" name="testSet" duration-ms="1" started-at="2014-02-17T17:02:00Z" finished-at="2014-02-17T17:02:00Z">
          <reporter-output>
          </reporter-output>
        </test-method> <!-- testSet -->
        <test-method status="PASS" signature="testSingleton()[pri:0, instance:fr.emn.optiplace.configuration.TestSimpleManagedElementSet@2974baa]" name="testSingleton" duration-ms="1" started-at="2014-02-17T17:02:00Z" finished-at="2014-02-17T17:02:00Z">
          <reporter-output>
          </reporter-output>
        </test-method> <!-- testSingleton -->
      </class> <!-- fr.emn.optiplace.configuration.TestSimpleManagedElementSet -->
    </test> <!-- Default test -->
  </suite> <!-- Default suite -->
</testng-results>
