<?xml version="1.0" encoding="UTF-8"?>
<testng-results skipped="0" failed="0" total="83" passed="83">
  <reporter-output>
  </reporter-output>
  <suite name="Command line suite" duration-ms="850" started-at="2014-02-18T15:19:25Z" finished-at="2014-02-18T15:19:26Z">
    <groups>
      <group name="unit">
        <method signature="TestSimpleConfiguration.testGetWaitings()[pri:0, instance:fr.emn.optiplace.configuration.TestSimpleConfiguration@3abdd3e7]" name="testGetWaitings" class="fr.emn.optiplace.configuration.TestSimpleConfiguration"/>
        <method signature="TestVirtualMachineComparator.testEquivalent()[pri:0, instance:fr.emn.optiplace.configuration.TestVirtualMachineComparator@698add5e]" name="testEquivalent" class="fr.emn.optiplace.configuration.TestVirtualMachineComparator"/>
        <method signature="TestSimpleVirtualMachine.testCopyConstructor()[pri:0, instance:fr.emn.optiplace.configuration.TestSimpleVirtualMachine@2daead64]" name="testCopyConstructor" class="fr.emn.optiplace.configuration.TestSimpleVirtualMachine"/>
        <method signature="TestConfiguration.testGetOnlines()[pri:0, instance:fr.emn.optiplace.configuration.TestConfiguration@1b01ade9]" name="testGetOnlines" class="fr.emn.optiplace.configuration.TestConfiguration"/>
        <method signature="TestResourcePicker.testVM()[pri:0, instance:fr.emn.optiplace.configuration.TestResourcePicker@21852a95]" name="testVM" class="fr.emn.optiplace.configuration.TestResourcePicker"/>
        <method signature="TestSimpleConfiguration.testClone()[pri:0, instance:fr.emn.optiplace.configuration.TestSimpleConfiguration@3abdd3e7]" name="testClone" class="fr.emn.optiplace.configuration.TestSimpleConfiguration"/>
        <method signature="TestSimpleNode.testEquals()[pri:0, instance:fr.emn.optiplace.configuration.TestSimpleNode@4685d9a4]" name="testEquals" class="fr.emn.optiplace.configuration.TestSimpleNode"/>
        <method signature="TestSimpleConfiguration.testRemove()[pri:0, instance:fr.emn.optiplace.configuration.TestSimpleConfiguration@3abdd3e7]" name="testRemove" class="fr.emn.optiplace.configuration.TestSimpleConfiguration"/>
        <method signature="TestSimpleManagedElementSet.testEquals()[pri:0, instance:fr.emn.optiplace.configuration.TestSimpleManagedElementSet@22cf2994]" name="testEquals" class="fr.emn.optiplace.configuration.TestSimpleManagedElementSet"/>
        <method signature="TestSimpleManagedElementSet.testAddAll()[pri:0, instance:fr.emn.optiplace.configuration.TestSimpleManagedElementSet@22cf2994]" name="testAddAll" class="fr.emn.optiplace.configuration.TestSimpleManagedElementSet"/>
        <method signature="TestSimpleVirtualMachine.testWithNoNeeds()[pri:0, instance:fr.emn.optiplace.configuration.TestSimpleVirtualMachine@2daead64]" name="testWithNoNeeds" class="fr.emn.optiplace.configuration.TestSimpleVirtualMachine"/>
        <method signature="TestConfiguration.testAddOffline()[pri:0, instance:fr.emn.optiplace.configuration.TestConfiguration@1b01ade9]" name="testAddOffline" class="fr.emn.optiplace.configuration.TestConfiguration"/>
        <method signature="TestConfiguration.testGetSleepingLocation()[pri:0, instance:fr.emn.optiplace.configuration.TestConfiguration@1b01ade9]" name="testGetSleepingLocation" class="fr.emn.optiplace.configuration.TestConfiguration"/>
        <method signature="TestSimpleNode.testMemoryTotal()[pri:0, instance:fr.emn.optiplace.configuration.TestSimpleNode@4685d9a4]" name="testMemoryTotal" class="fr.emn.optiplace.configuration.TestSimpleNode"/>
        <method signature="TestSimpleConfiguration.testGetRunnings()[pri:0, instance:fr.emn.optiplace.configuration.TestSimpleConfiguration@3abdd3e7]" name="testGetRunnings" class="fr.emn.optiplace.configuration.TestSimpleConfiguration"/>
        <method signature="TestSimpleVirtualMachine.testCPUConsumption()[pri:0, instance:fr.emn.optiplace.configuration.TestSimpleVirtualMachine@2daead64]" name="testCPUConsumption" class="fr.emn.optiplace.configuration.TestSimpleVirtualMachine"/>
        <method signature="TestSimpleNode.testPlatform()[pri:0, instance:fr.emn.optiplace.configuration.TestSimpleNode@4685d9a4]" name="testPlatform" class="fr.emn.optiplace.configuration.TestSimpleNode"/>
        <method signature="TestSimpleManagedElementSet.testGetFromName()[pri:0, instance:fr.emn.optiplace.configuration.TestSimpleManagedElementSet@22cf2994]" name="testGetFromName" class="fr.emn.optiplace.configuration.TestSimpleManagedElementSet"/>
        <method signature="TestConfiguration.testGetSleepings()[pri:0, instance:fr.emn.optiplace.configuration.TestConfiguration@1b01ade9]" name="testGetSleepings" class="fr.emn.optiplace.configuration.TestConfiguration"/>
        <method signature="TestSimpleVirtualMachine.testTemplate()[pri:0, instance:fr.emn.optiplace.configuration.TestSimpleVirtualMachine@2daead64]" name="testTemplate" class="fr.emn.optiplace.configuration.TestSimpleVirtualMachine"/>
        <method signature="TestSimpleConfiguration.testAddOffline()[pri:0, instance:fr.emn.optiplace.configuration.TestSimpleConfiguration@3abdd3e7]" name="testAddOffline" class="fr.emn.optiplace.configuration.TestSimpleConfiguration"/>
        <method signature="TestConfiguration.testSetSleepOn()[pri:0, instance:fr.emn.optiplace.configuration.TestConfiguration@1b01ade9]" name="testSetSleepOn" class="fr.emn.optiplace.configuration.TestConfiguration"/>
        <method signature="TestConfiguration.testRemove()[pri:0, instance:fr.emn.optiplace.configuration.TestConfiguration@1b01ade9]" name="testRemove" class="fr.emn.optiplace.configuration.TestConfiguration"/>
        <method signature="TestPlainTextConfigurationSerializer.test()[pri:0, instance:fr.emn.optiplace.configuration.parser.TestPlainTextConfigurationSerializer@38a3d488]" name="test" class="fr.emn.optiplace.configuration.parser.TestPlainTextConfigurationSerializer"/>
        <method signature="TestSimpleConfiguration.testGetOnlines()[pri:0, instance:fr.emn.optiplace.configuration.TestSimpleConfiguration@3abdd3e7]" name="testGetOnlines" class="fr.emn.optiplace.configuration.TestSimpleConfiguration"/>
        <method signature="TestConfiguration.testGetRunnings()[pri:0, instance:fr.emn.optiplace.configuration.TestConfiguration@1b01ade9]" name="testGetRunnings" class="fr.emn.optiplace.configuration.TestConfiguration"/>
        <method signature="TestSimpleConfiguration.testGetSleepings()[pri:0, instance:fr.emn.optiplace.configuration.TestSimpleConfiguration@3abdd3e7]" name="testGetSleepings" class="fr.emn.optiplace.configuration.TestSimpleConfiguration"/>
        <method signature="TestSimpleVirtualMachine.testToString()[pri:0, instance:fr.emn.optiplace.configuration.TestSimpleVirtualMachine@2daead64]" name="testToString" class="fr.emn.optiplace.configuration.TestSimpleVirtualMachine"/>
        <method signature="TestSimpleVirtualMachine.testWithNeeds()[pri:0, instance:fr.emn.optiplace.configuration.TestSimpleVirtualMachine@2daead64]" name="testWithNeeds" class="fr.emn.optiplace.configuration.TestSimpleVirtualMachine"/>
        <method signature="TestVirtualMachineComparator.testSort()[pri:0, instance:fr.emn.optiplace.configuration.TestVirtualMachineComparator@698add5e]" name="testSort" class="fr.emn.optiplace.configuration.TestVirtualMachineComparator"/>
        <method signature="TestConfiguration.testGetWaitings()[pri:0, instance:fr.emn.optiplace.configuration.TestConfiguration@1b01ade9]" name="testGetWaitings" class="fr.emn.optiplace.configuration.TestConfiguration"/>
        <method signature="TestSimpleNode.testLazyConstructor()[pri:0, instance:fr.emn.optiplace.configuration.TestSimpleNode@4685d9a4]" name="testLazyConstructor" class="fr.emn.optiplace.configuration.TestSimpleNode"/>
        <method signature="TestConfiguration.testGetRunningLocation()[pri:0, instance:fr.emn.optiplace.configuration.TestConfiguration@1b01ade9]" name="testGetRunningLocation" class="fr.emn.optiplace.configuration.TestConfiguration"/>
        <method signature="TestSimpleConfiguration.testVMStateConsistency()[pri:0, instance:fr.emn.optiplace.configuration.TestSimpleConfiguration@3abdd3e7]" name="testVMStateConsistency" class="fr.emn.optiplace.configuration.TestSimpleConfiguration"/>
        <method signature="TestSimpleNode.testIPAddress()[pri:0, instance:fr.emn.optiplace.configuration.TestSimpleNode@4685d9a4]" name="testIPAddress" class="fr.emn.optiplace.configuration.TestSimpleNode"/>
        <method signature="TestSimpleManagedElementSet.testAdd()[pri:0, instance:fr.emn.optiplace.configuration.TestSimpleManagedElementSet@22cf2994]" name="testAdd" class="fr.emn.optiplace.configuration.TestSimpleManagedElementSet"/>
        <method signature="TestSimpleVirtualMachine.testPlatform()[pri:0, instance:fr.emn.optiplace.configuration.TestSimpleVirtualMachine@2daead64]" name="testPlatform" class="fr.emn.optiplace.configuration.TestSimpleVirtualMachine"/>
        <method signature="TestSimpleConfiguration.testSetRunOn()[pri:0, instance:fr.emn.optiplace.configuration.TestSimpleConfiguration@3abdd3e7]" name="testSetRunOn" class="fr.emn.optiplace.configuration.TestSimpleConfiguration"/>
        <method signature="TestResourcePicker.testNode()[pri:0, instance:fr.emn.optiplace.configuration.TestResourcePicker@21852a95]" name="testNode" class="fr.emn.optiplace.configuration.TestResourcePicker"/>
        <method signature="TestConfiguration.testSetRunOn()[pri:0, instance:fr.emn.optiplace.configuration.TestConfiguration@1b01ade9]" name="testSetRunOn" class="fr.emn.optiplace.configuration.TestConfiguration"/>
        <method signature="TestSimpleManagedElementSet.testRetainAll()[pri:0, instance:fr.emn.optiplace.configuration.TestSimpleManagedElementSet@22cf2994]" name="testRetainAll" class="fr.emn.optiplace.configuration.TestSimpleManagedElementSet"/>
        <method signature="TestSimpleConfiguration.testAddWaiting()[pri:0, instance:fr.emn.optiplace.configuration.TestSimpleConfiguration@3abdd3e7]" name="testAddWaiting" class="fr.emn.optiplace.configuration.TestSimpleConfiguration"/>
        <method signature="TestConfiguration.testNotEquals()[pri:0, instance:fr.emn.optiplace.configuration.TestConfiguration@1b01ade9]" name="testNotEquals" class="fr.emn.optiplace.configuration.TestConfiguration"/>
        <method signature="TestSimpleManagedElementSet.testSelfContains()[pri:0, instance:fr.emn.optiplace.configuration.TestSimpleManagedElementSet@22cf2994]" name="testSelfContains" class="fr.emn.optiplace.configuration.TestSimpleManagedElementSet"/>
        <method signature="TestConfiguration.testAddWaiting()[pri:0, instance:fr.emn.optiplace.configuration.TestConfiguration@1b01ade9]" name="testAddWaiting" class="fr.emn.optiplace.configuration.TestConfiguration"/>
        <method signature="TestConfiguration.testAddOnline()[pri:0, instance:fr.emn.optiplace.configuration.TestConfiguration@1b01ade9]" name="testAddOnline" class="fr.emn.optiplace.configuration.TestConfiguration"/>
        <method signature="TestPlainTextConfigurationSerializer.testBadContent()[pri:0, instance:fr.emn.optiplace.configuration.parser.TestPlainTextConfigurationSerializer@38a3d488]" name="testBadContent" class="fr.emn.optiplace.configuration.parser.TestPlainTextConfigurationSerializer"/>
        <method signature="TestSimpleManagedElementSet.testRemove()[pri:0, instance:fr.emn.optiplace.configuration.TestSimpleManagedElementSet@22cf2994]" name="testRemove" class="fr.emn.optiplace.configuration.TestSimpleManagedElementSet"/>
        <method signature="TestSimpleConfiguration.testEquals()[pri:0, instance:fr.emn.optiplace.configuration.TestSimpleConfiguration@3abdd3e7]" name="testEquals" class="fr.emn.optiplace.configuration.TestSimpleConfiguration"/>
        <method signature="TestPlainTextConfigurationSerializer.testUnknownFile()[pri:0, instance:fr.emn.optiplace.configuration.parser.TestPlainTextConfigurationSerializer@38a3d488]" name="testUnknownFile" class="fr.emn.optiplace.configuration.parser.TestPlainTextConfigurationSerializer"/>
        <method signature="TestSimpleNode.testNbOfCPUs()[pri:0, instance:fr.emn.optiplace.configuration.TestSimpleNode@4685d9a4]" name="testNbOfCPUs" class="fr.emn.optiplace.configuration.TestSimpleNode"/>
        <method signature="TestSimpleConfiguration.testToString()[pri:0, instance:fr.emn.optiplace.configuration.TestSimpleConfiguration@3abdd3e7]" name="testToString" class="fr.emn.optiplace.configuration.TestSimpleConfiguration"/>
        <method signature="TestVirtualMachineComparator.testNonEquivalent()[pri:0, instance:fr.emn.optiplace.configuration.TestVirtualMachineComparator@698add5e]" name="testNonEquivalent" class="fr.emn.optiplace.configuration.TestVirtualMachineComparator"/>
        <method signature="TestConfiguration.testToString()[pri:0, instance:fr.emn.optiplace.configuration.TestConfiguration@1b01ade9]" name="testToString" class="fr.emn.optiplace.configuration.TestConfiguration"/>
        <method signature="TestSimpleVirtualMachine.testEquals()[pri:0, instance:fr.emn.optiplace.configuration.TestSimpleVirtualMachine@2daead64]" name="testEquals" class="fr.emn.optiplace.configuration.TestSimpleVirtualMachine"/>
        <method signature="TestSimpleManagedElementSet.testSet()[pri:0, instance:fr.emn.optiplace.configuration.TestSimpleManagedElementSet@22cf2994]" name="testSet" class="fr.emn.optiplace.configuration.TestSimpleManagedElementSet"/>
        <method signature="TestSimpleVirtualMachine.testCPUMax()[pri:0, instance:fr.emn.optiplace.configuration.TestSimpleVirtualMachine@2daead64]" name="testCPUMax" class="fr.emn.optiplace.configuration.TestSimpleVirtualMachine"/>
        <method signature="TestFastBinPacking.testLoadSup()[pri:0, instance:fr.emn.optiplace.core.packers.TestFastBinPacking@4eb2c566]" name="testLoadSup" class="fr.emn.optiplace.core.packers.TestFastBinPacking"/>
        <method signature="TestSimpleConfiguration.testAddOnline2()[pri:0, instance:fr.emn.optiplace.configuration.TestSimpleConfiguration@3abdd3e7]" name="testAddOnline2" class="fr.emn.optiplace.configuration.TestSimpleConfiguration"/>
        <method signature="TestConfiguration.testEquals()[pri:0, instance:fr.emn.optiplace.configuration.TestConfiguration@1b01ade9]" name="testEquals" class="fr.emn.optiplace.configuration.TestConfiguration"/>
        <method signature="TestSimpleManagedElementSet.testSingleton()[pri:0, instance:fr.emn.optiplace.configuration.TestSimpleManagedElementSet@22cf2994]" name="testSingleton" class="fr.emn.optiplace.configuration.TestSimpleManagedElementSet"/>
        <method signature="TestSimpleConfiguration.testSetSleepOn()[pri:0, instance:fr.emn.optiplace.configuration.TestSimpleConfiguration@3abdd3e7]" name="testSetSleepOn" class="fr.emn.optiplace.configuration.TestSimpleConfiguration"/>
        <method signature="TestSimpleVirtualMachine.testNbOfCPUs()[pri:0, instance:fr.emn.optiplace.configuration.TestSimpleVirtualMachine@2daead64]" name="testNbOfCPUs" class="fr.emn.optiplace.configuration.TestSimpleVirtualMachine"/>
        <method signature="TestSimpleNode.testCopyConstructor()[pri:0, instance:fr.emn.optiplace.configuration.TestSimpleNode@4685d9a4]" name="testCopyConstructor" class="fr.emn.optiplace.configuration.TestSimpleNode"/>
        <method signature="TestSimpleConfiguration.testGetLocation()[pri:0, instance:fr.emn.optiplace.configuration.TestSimpleConfiguration@3abdd3e7]" name="testGetLocation" class="fr.emn.optiplace.configuration.TestSimpleConfiguration"/>
        <method signature="TestSimpleManagedElementSet.testCopyConstructor()[pri:0, instance:fr.emn.optiplace.configuration.TestSimpleManagedElementSet@22cf2994]" name="testCopyConstructor" class="fr.emn.optiplace.configuration.TestSimpleManagedElementSet"/>
        <method signature="TestSimpleVirtualMachine.testLazyConstructors()[pri:0, instance:fr.emn.optiplace.configuration.TestSimpleVirtualMachine@2daead64]" name="testLazyConstructors" class="fr.emn.optiplace.configuration.TestSimpleVirtualMachine"/>
        <method signature="TestFastBinPacking.testGuillaume()[pri:0, instance:fr.emn.optiplace.core.packers.TestFastBinPacking@4eb2c566]" name="testGuillaume" class="fr.emn.optiplace.core.packers.TestFastBinPacking"/>
        <method signature="TestSimpleConfiguration.testAddOnline()[pri:0, instance:fr.emn.optiplace.configuration.TestSimpleConfiguration@3abdd3e7]" name="testAddOnline" class="fr.emn.optiplace.configuration.TestSimpleConfiguration"/>
        <method signature="TestSimpleNode.testCPUCapacity()[pri:0, instance:fr.emn.optiplace.configuration.TestSimpleNode@4685d9a4]" name="testCPUCapacity" class="fr.emn.optiplace.configuration.TestSimpleNode"/>
        <method signature="TestSimpleConfiguration.testCopyConstructor()[pri:0, instance:fr.emn.optiplace.configuration.TestSimpleConfiguration@3abdd3e7]" name="testCopyConstructor" class="fr.emn.optiplace.configuration.TestSimpleConfiguration"/>
        <method signature="TestSimpleConfiguration.testNotEquals()[pri:0, instance:fr.emn.optiplace.configuration.TestSimpleConfiguration@3abdd3e7]" name="testNotEquals" class="fr.emn.optiplace.configuration.TestSimpleConfiguration"/>
        <method signature="TestSimpleManagedElementSet.testClear()[pri:0, instance:fr.emn.optiplace.configuration.TestSimpleManagedElementSet@22cf2994]" name="testClear" class="fr.emn.optiplace.configuration.TestSimpleManagedElementSet"/>
        <method signature="TestConfiguration.testGetPosition()[pri:0, instance:fr.emn.optiplace.configuration.TestConfiguration@1b01ade9]" name="testGetPosition" class="fr.emn.optiplace.configuration.TestConfiguration"/>
        <method signature="TestSimpleVirtualMachine.testMemoryTotal()[pri:0, instance:fr.emn.optiplace.configuration.TestSimpleVirtualMachine@2daead64]" name="testMemoryTotal" class="fr.emn.optiplace.configuration.TestSimpleVirtualMachine"/>
      </group> <!-- unit -->
    </groups>
    <test name="Command line test" duration-ms="850" started-at="2014-02-18T15:19:25Z" finished-at="2014-02-18T15:19:26Z">
      <class name="fr.emn.optiplace.configuration.parser.TestPlainTextConfigurationSerializer">
        <test-method status="PASS" signature="test()[pri:0, instance:fr.emn.optiplace.configuration.parser.TestPlainTextConfigurationSerializer@38a3d488]" name="test" duration-ms="4" started-at="2014-02-18T16:19:26Z" finished-at="2014-02-18T16:19:26Z">
          <reporter-output>
          </reporter-output>
        </test-method> <!-- test -->
        <test-method status="PASS" signature="testBadContent()[pri:0, instance:fr.emn.optiplace.configuration.parser.TestPlainTextConfigurationSerializer@38a3d488]" name="testBadContent" duration-ms="1" started-at="2014-02-18T16:19:26Z" finished-at="2014-02-18T16:19:26Z">
          <exception class="fr.emn.optiplace.configuration.parser.ConfigurationSerializerException">
            <message>
              <![CDATA[Unrecognized characters: toto]]>
            </message>
            <full-stacktrace>
              <![CDATA[fr.emn.optiplace.configuration.parser.ConfigurationSerializerException: Unrecognized characters: toto
	at fr.emn.optiplace.configuration.parser.PlainTextConfigurationSerializer.unSerialize(PlainTextConfigurationSerializer.java:125)
	at fr.emn.optiplace.configuration.parser.PlainTextConfigurationSerializer.unSerialize(PlainTextConfigurationSerializer.java:197)
	at fr.emn.optiplace.configuration.parser.FileConfigurationSerializer.read(FileConfigurationSerializer.java:45)
	at fr.emn.optiplace.configuration.parser.TestPlainTextConfigurationSerializer.testBadContent(TestPlainTextConfigurationSerializer.java:116)
	at sun.reflect.NativeMethodAccessorImpl.invoke0(Native Method)
	at sun.reflect.NativeMethodAccessorImpl.invoke(NativeMethodAccessorImpl.java:57)
	at sun.reflect.DelegatingMethodAccessorImpl.invoke(DelegatingMethodAccessorImpl.java:43)
	at java.lang.reflect.Method.invoke(Method.java:606)
	at org.testng.internal.MethodInvocationHelper.invokeMethod(MethodInvocationHelper.java:80)
	at org.testng.internal.Invoker.invokeMethod(Invoker.java:714)
	at org.testng.internal.Invoker.invokeTestMethod(Invoker.java:901)
	at org.testng.internal.Invoker.invokeTestMethods(Invoker.java:1231)
	at org.testng.internal.TestMethodWorker.invokeTestMethods(TestMethodWorker.java:127)
	at org.testng.internal.TestMethodWorker.run(TestMethodWorker.java:111)
	at org.testng.TestRunner.privateRun(TestRunner.java:767)
	at org.testng.TestRunner.run(TestRunner.java:617)
	at org.testng.SuiteRunner.runTest(SuiteRunner.java:334)
	at org.testng.SuiteRunner.runSequentially(SuiteRunner.java:329)
	at org.testng.SuiteRunner.privateRun(SuiteRunner.java:291)
	at org.testng.SuiteRunner.run(SuiteRunner.java:240)
	at org.testng.SuiteRunnerWorker.runSuite(SuiteRunnerWorker.java:52)
	at org.testng.SuiteRunnerWorker.run(SuiteRunnerWorker.java:86)
	at org.testng.TestNG.runSuitesSequentially(TestNG.java:1198)
	at org.testng.TestNG.runSuitesLocally(TestNG.java:1123)
	at org.testng.TestNG.run(TestNG.java:1031)
	at org.apache.maven.surefire.testng.TestNGExecutor.run(TestNGExecutor.java:70)
	at org.apache.maven.surefire.testng.TestNGDirectoryTestSuite.executeMulti(TestNGDirectoryTestSuite.java:158)
	at org.apache.maven.surefire.testng.TestNGDirectoryTestSuite.execute(TestNGDirectoryTestSuite.java:98)
	at org.apache.maven.surefire.testng.TestNGProvider.invoke(TestNGProvider.java:111)
	at sun.reflect.NativeMethodAccessorImpl.invoke0(Native Method)
	at sun.reflect.NativeMethodAccessorImpl.invoke(NativeMethodAccessorImpl.java:57)
	at sun.reflect.DelegatingMethodAccessorImpl.invoke(DelegatingMethodAccessorImpl.java:43)
	at java.lang.reflect.Method.invoke(Method.java:606)
	at org.apache.maven.surefire.util.ReflectionUtils.invokeMethodWithArray(ReflectionUtils.java:164)
	at org.apache.maven.surefire.booter.ProviderFactory$ProviderProxy.invoke(ProviderFactory.java:110)
	at org.apache.maven.surefire.booter.SurefireStarter.invokeProvider(SurefireStarter.java:175)
	at org.apache.maven.surefire.booter.SurefireStarter.runSuitesInProcessWhenForked(SurefireStarter.java:107)
	at org.apache.maven.surefire.booter.ForkedBooter.main(ForkedBooter.java:68)
]]>
            </full-stacktrace>
          </exception> <!-- fr.emn.optiplace.configuration.parser.ConfigurationSerializerException -->
          <reporter-output>
          </reporter-output>
        </test-method> <!-- testBadContent -->
        <test-method status="PASS" signature="testUnknownFile()[pri:0, instance:fr.emn.optiplace.configuration.parser.TestPlainTextConfigurationSerializer@38a3d488]" name="testUnknownFile" duration-ms="0" started-at="2014-02-18T16:19:26Z" finished-at="2014-02-18T16:19:26Z">
          <exception class="java.io.FileNotFoundException">
            <message>
              <![CDATA[/tmp/out3514323432648167762out (No such file or directory)]]>
            </message>
            <full-stacktrace>
              <![CDATA[java.io.FileNotFoundException: /tmp/out3514323432648167762out (No such file or directory)
	at java.io.FileInputStream.open(Native Method)
	at java.io.FileInputStream.<init>(FileInputStream.java:146)
	at java.io.FileInputStream.<init>(FileInputStream.java:101)
	at fr.emn.optiplace.configuration.parser.FileConfigurationSerializer.read(FileConfigurationSerializer.java:44)
	at fr.emn.optiplace.configuration.parser.TestPlainTextConfigurationSerializer.testUnknownFile(TestPlainTextConfigurationSerializer.java:89)
	at sun.reflect.NativeMethodAccessorImpl.invoke0(Native Method)
	at sun.reflect.NativeMethodAccessorImpl.invoke(NativeMethodAccessorImpl.java:57)
	at sun.reflect.DelegatingMethodAccessorImpl.invoke(DelegatingMethodAccessorImpl.java:43)
	at java.lang.reflect.Method.invoke(Method.java:606)
	at org.testng.internal.MethodInvocationHelper.invokeMethod(MethodInvocationHelper.java:80)
	at org.testng.internal.Invoker.invokeMethod(Invoker.java:714)
	at org.testng.internal.Invoker.invokeTestMethod(Invoker.java:901)
	at org.testng.internal.Invoker.invokeTestMethods(Invoker.java:1231)
	at org.testng.internal.TestMethodWorker.invokeTestMethods(TestMethodWorker.java:127)
	at org.testng.internal.TestMethodWorker.run(TestMethodWorker.java:111)
	at org.testng.TestRunner.privateRun(TestRunner.java:767)
	at org.testng.TestRunner.run(TestRunner.java:617)
	at org.testng.SuiteRunner.runTest(SuiteRunner.java:334)
	at org.testng.SuiteRunner.runSequentially(SuiteRunner.java:329)
	at org.testng.SuiteRunner.privateRun(SuiteRunner.java:291)
	at org.testng.SuiteRunner.run(SuiteRunner.java:240)
	at org.testng.SuiteRunnerWorker.runSuite(SuiteRunnerWorker.java:52)
	at org.testng.SuiteRunnerWorker.run(SuiteRunnerWorker.java:86)
	at org.testng.TestNG.runSuitesSequentially(TestNG.java:1198)
	at org.testng.TestNG.runSuitesLocally(TestNG.java:1123)
	at org.testng.TestNG.run(TestNG.java:1031)
	at org.apache.maven.surefire.testng.TestNGExecutor.run(TestNGExecutor.java:70)
	at org.apache.maven.surefire.testng.TestNGDirectoryTestSuite.executeMulti(TestNGDirectoryTestSuite.java:158)
	at org.apache.maven.surefire.testng.TestNGDirectoryTestSuite.execute(TestNGDirectoryTestSuite.java:98)
	at org.apache.maven.surefire.testng.TestNGProvider.invoke(TestNGProvider.java:111)
	at sun.reflect.NativeMethodAccessorImpl.invoke0(Native Method)
	at sun.reflect.NativeMethodAccessorImpl.invoke(NativeMethodAccessorImpl.java:57)
	at sun.reflect.DelegatingMethodAccessorImpl.invoke(DelegatingMethodAccessorImpl.java:43)
	at java.lang.reflect.Method.invoke(Method.java:606)
	at org.apache.maven.surefire.util.ReflectionUtils.invokeMethodWithArray(ReflectionUtils.java:164)
	at org.apache.maven.surefire.booter.ProviderFactory$ProviderProxy.invoke(ProviderFactory.java:110)
	at org.apache.maven.surefire.booter.SurefireStarter.invokeProvider(SurefireStarter.java:175)
	at org.apache.maven.surefire.booter.SurefireStarter.runSuitesInProcessWhenForked(SurefireStarter.java:107)
	at org.apache.maven.surefire.booter.ForkedBooter.main(ForkedBooter.java:68)
]]>
            </full-stacktrace>
          </exception> <!-- java.io.FileNotFoundException -->
          <reporter-output>
          </reporter-output>
        </test-method> <!-- testUnknownFile -->
      </class> <!-- fr.emn.optiplace.configuration.parser.TestPlainTextConfigurationSerializer -->
      <class name="fr.emn.optiplace.core.packers.TestFastBinPacking">
        <test-method status="PASS" signature="testLoadSup()[pri:0, instance:fr.emn.optiplace.core.packers.TestFastBinPacking@4eb2c566]" name="testLoadSup" duration-ms="409" started-at="2014-02-18T16:19:26Z" finished-at="2014-02-18T16:19:26Z">
          <reporter-output>
          </reporter-output>
        </test-method> <!-- testLoadSup -->
        <test-method status="PASS" signature="testGuillaume()[pri:0, instance:fr.emn.optiplace.core.packers.TestFastBinPacking@4eb2c566]" name="testGuillaume" duration-ms="18" started-at="2014-02-18T16:19:26Z" finished-at="2014-02-18T16:19:26Z">
          <reporter-output>
          </reporter-output>
        </test-method> <!-- testGuillaume -->
      </class> <!-- fr.emn.optiplace.core.packers.TestFastBinPacking -->
      <class name="fr.emn.optiplace.configuration.TestSimpleVirtualMachine">
        <test-method status="PASS" signature="testCopyConstructor()[pri:0, instance:fr.emn.optiplace.configuration.TestSimpleVirtualMachine@2daead64]" name="testCopyConstructor" duration-ms="0" started-at="2014-02-18T16:19:26Z" finished-at="2014-02-18T16:19:26Z">
          <reporter-output>
          </reporter-output>
        </test-method> <!-- testCopyConstructor -->
        <test-method status="PASS" signature="testWithNoNeeds()[pri:0, instance:fr.emn.optiplace.configuration.TestSimpleVirtualMachine@2daead64]" name="testWithNoNeeds" duration-ms="0" started-at="2014-02-18T16:19:26Z" finished-at="2014-02-18T16:19:26Z">
          <reporter-output>
          </reporter-output>
        </test-method> <!-- testWithNoNeeds -->
        <test-method status="PASS" signature="testCPUConsumption()[pri:0, instance:fr.emn.optiplace.configuration.TestSimpleVirtualMachine@2daead64]" name="testCPUConsumption" duration-ms="0" started-at="2014-02-18T16:19:26Z" finished-at="2014-02-18T16:19:26Z">
          <reporter-output>
          </reporter-output>
        </test-method> <!-- testCPUConsumption -->
        <test-method status="PASS" signature="testToString()[pri:0, instance:fr.emn.optiplace.configuration.TestSimpleVirtualMachine@2daead64]" name="testToString" duration-ms="1" started-at="2014-02-18T16:19:26Z" finished-at="2014-02-18T16:19:26Z">
          <reporter-output>
          </reporter-output>
        </test-method> <!-- testToString -->
        <test-method status="PASS" signature="testTemplate()[pri:0, instance:fr.emn.optiplace.configuration.TestSimpleVirtualMachine@2daead64]" name="testTemplate" duration-ms="0" started-at="2014-02-18T16:19:26Z" finished-at="2014-02-18T16:19:26Z">
          <reporter-output>
          </reporter-output>
        </test-method> <!-- testTemplate -->
        <test-method status="PASS" signature="testWithNeeds()[pri:0, instance:fr.emn.optiplace.configuration.TestSimpleVirtualMachine@2daead64]" name="testWithNeeds" duration-ms="0" started-at="2014-02-18T16:19:26Z" finished-at="2014-02-18T16:19:26Z">
          <reporter-output>
          </reporter-output>
        </test-method> <!-- testWithNeeds -->
        <test-method status="PASS" signature="testEquals()[pri:0, instance:fr.emn.optiplace.configuration.TestSimpleVirtualMachine@2daead64]" name="testEquals" duration-ms="1" started-at="2014-02-18T16:19:26Z" finished-at="2014-02-18T16:19:26Z">
          <reporter-output>
          </reporter-output>
        </test-method> <!-- testEquals -->
        <test-method status="PASS" signature="testPlatform()[pri:0, instance:fr.emn.optiplace.configuration.TestSimpleVirtualMachine@2daead64]" name="testPlatform" duration-ms="0" started-at="2014-02-18T16:19:26Z" finished-at="2014-02-18T16:19:26Z">
          <reporter-output>
          </reporter-output>
        </test-method> <!-- testPlatform -->
        <test-method status="PASS" signature="testNbOfCPUs()[pri:0, instance:fr.emn.optiplace.configuration.TestSimpleVirtualMachine@2daead64]" name="testNbOfCPUs" duration-ms="0" started-at="2014-02-18T16:19:26Z" finished-at="2014-02-18T16:19:26Z">
          <reporter-output>
          </reporter-output>
        </test-method> <!-- testNbOfCPUs -->
        <test-method status="PASS" signature="testCPUMax()[pri:0, instance:fr.emn.optiplace.configuration.TestSimpleVirtualMachine@2daead64]" name="testCPUMax" duration-ms="0" started-at="2014-02-18T16:19:26Z" finished-at="2014-02-18T16:19:26Z">
          <reporter-output>
          </reporter-output>
        </test-method> <!-- testCPUMax -->
        <test-method status="PASS" signature="testLazyConstructors()[pri:0, instance:fr.emn.optiplace.configuration.TestSimpleVirtualMachine@2daead64]" name="testLazyConstructors" duration-ms="1" started-at="2014-02-18T16:19:26Z" finished-at="2014-02-18T16:19:26Z">
          <reporter-output>
          </reporter-output>
        </test-method> <!-- testLazyConstructors -->
        <test-method status="PASS" signature="testMemoryTotal()[pri:0, instance:fr.emn.optiplace.configuration.TestSimpleVirtualMachine@2daead64]" name="testMemoryTotal" duration-ms="0" started-at="2014-02-18T16:19:26Z" finished-at="2014-02-18T16:19:26Z">
          <reporter-output>
          </reporter-output>
        </test-method> <!-- testMemoryTotal -->
      </class> <!-- fr.emn.optiplace.configuration.TestSimpleVirtualMachine -->
      <class name="fr.emn.optiplace.configuration.TestConfiguration">
        <test-method status="PASS" signature="testGetOnlines()[pri:0, instance:fr.emn.optiplace.configuration.TestConfiguration@1b01ade9]" name="testGetOnlines" duration-ms="1" started-at="2014-02-18T16:19:26Z" finished-at="2014-02-18T16:19:26Z">
          <reporter-output>
          </reporter-output>
        </test-method> <!-- testGetOnlines -->
        <test-method status="PASS" signature="testAddOffline()[pri:0, instance:fr.emn.optiplace.configuration.TestConfiguration@1b01ade9]" name="testAddOffline" duration-ms="1" started-at="2014-02-18T16:19:26Z" finished-at="2014-02-18T16:19:26Z">
          <reporter-output>
          </reporter-output>
        </test-method> <!-- testAddOffline -->
        <test-method status="PASS" signature="testGetSleepingLocation()[pri:0, instance:fr.emn.optiplace.configuration.TestConfiguration@1b01ade9]" name="testGetSleepingLocation" duration-ms="0" started-at="2014-02-18T16:19:26Z" finished-at="2014-02-18T16:19:26Z">
          <reporter-output>
          </reporter-output>
        </test-method> <!-- testGetSleepingLocation -->
        <test-method status="PASS" signature="testGetSleepings()[pri:0, instance:fr.emn.optiplace.configuration.TestConfiguration@1b01ade9]" name="testGetSleepings" duration-ms="0" started-at="2014-02-18T16:19:26Z" finished-at="2014-02-18T16:19:26Z">
          <reporter-output>
          </reporter-output>
        </test-method> <!-- testGetSleepings -->
        <test-method status="PASS" signature="testSetSleepOn()[pri:0, instance:fr.emn.optiplace.configuration.TestConfiguration@1b01ade9]" name="testSetSleepOn" duration-ms="1" started-at="2014-02-18T16:19:26Z" finished-at="2014-02-18T16:19:26Z">
          <reporter-output>
          </reporter-output>
        </test-method> <!-- testSetSleepOn -->
        <test-method status="PASS" signature="testRemove()[pri:0, instance:fr.emn.optiplace.configuration.TestConfiguration@1b01ade9]" name="testRemove" duration-ms="1" started-at="2014-02-18T16:19:26Z" finished-at="2014-02-18T16:19:26Z">
          <reporter-output>
          </reporter-output>
        </test-method> <!-- testRemove -->
        <test-method status="PASS" signature="testGetRunnings()[pri:0, instance:fr.emn.optiplace.configuration.TestConfiguration@1b01ade9]" name="testGetRunnings" duration-ms="1" started-at="2014-02-18T16:19:26Z" finished-at="2014-02-18T16:19:26Z">
          <reporter-output>
          </reporter-output>
        </test-method> <!-- testGetRunnings -->
        <test-method status="PASS" signature="testGetWaitings()[pri:0, instance:fr.emn.optiplace.configuration.TestConfiguration@1b01ade9]" name="testGetWaitings" duration-ms="1" started-at="2014-02-18T16:19:26Z" finished-at="2014-02-18T16:19:26Z">
          <reporter-output>
          </reporter-output>
        </test-method> <!-- testGetWaitings -->
        <test-method status="PASS" signature="testGetRunningLocation()[pri:0, instance:fr.emn.optiplace.configuration.TestConfiguration@1b01ade9]" name="testGetRunningLocation" duration-ms="1" started-at="2014-02-18T16:19:26Z" finished-at="2014-02-18T16:19:26Z">
          <reporter-output>
          </reporter-output>
        </test-method> <!-- testGetRunningLocation -->
        <test-method status="PASS" signature="testSetRunOn()[pri:0, instance:fr.emn.optiplace.configuration.TestConfiguration@1b01ade9]" name="testSetRunOn" duration-ms="1" started-at="2014-02-18T16:19:26Z" finished-at="2014-02-18T16:19:26Z">
          <reporter-output>
          </reporter-output>
        </test-method> <!-- testSetRunOn -->
        <test-method status="PASS" signature="testNotEquals()[pri:0, instance:fr.emn.optiplace.configuration.TestConfiguration@1b01ade9]" name="testNotEquals" duration-ms="3" started-at="2014-02-18T16:19:26Z" finished-at="2014-02-18T16:19:26Z">
          <reporter-output>
          </reporter-output>
        </test-method> <!-- testNotEquals -->
        <test-method status="PASS" signature="testAddWaiting()[pri:0, instance:fr.emn.optiplace.configuration.TestConfiguration@1b01ade9]" name="testAddWaiting" duration-ms="1" started-at="2014-02-18T16:19:26Z" finished-at="2014-02-18T16:19:26Z">
          <reporter-output>
          </reporter-output>
        </test-method> <!-- testAddWaiting -->
        <test-method status="PASS" signature="testAddOnline()[pri:0, instance:fr.emn.optiplace.configuration.TestConfiguration@1b01ade9]" name="testAddOnline" duration-ms="1" started-at="2014-02-18T16:19:26Z" finished-at="2014-02-18T16:19:26Z">
          <reporter-output>
          </reporter-output>
        </test-method> <!-- testAddOnline -->
        <test-method status="PASS" signature="testToString()[pri:0, instance:fr.emn.optiplace.configuration.TestConfiguration@1b01ade9]" name="testToString" duration-ms="1" started-at="2014-02-18T16:19:26Z" finished-at="2014-02-18T16:19:26Z">
          <reporter-output>
          </reporter-output>
        </test-method> <!-- testToString -->
        <test-method status="PASS" signature="testEquals()[pri:0, instance:fr.emn.optiplace.configuration.TestConfiguration@1b01ade9]" name="testEquals" duration-ms="1" started-at="2014-02-18T16:19:26Z" finished-at="2014-02-18T16:19:26Z">
          <reporter-output>
          </reporter-output>
        </test-method> <!-- testEquals -->
        <test-method status="PASS" signature="testGetPosition()[pri:0, instance:fr.emn.optiplace.configuration.TestConfiguration@1b01ade9]" name="testGetPosition" duration-ms="0" started-at="2014-02-18T16:19:26Z" finished-at="2014-02-18T16:19:26Z">
          <reporter-output>
          </reporter-output>
        </test-method> <!-- testGetPosition -->
      </class> <!-- fr.emn.optiplace.configuration.TestConfiguration -->
      <class name="fr.emn.optiplace.configuration.TestConfigurationGenerator">
        <test-method status="PASS" signature="testBunchOfVMs()[pri:0, instance:fr.emn.optiplace.configuration.TestConfigurationGenerator@4c57b1ed]" name="testBunchOfVMs" duration-ms="1" started-at="2014-02-18T16:19:26Z" finished-at="2014-02-18T16:19:26Z">
          <reporter-output>
          </reporter-output>
        </test-method> <!-- testBunchOfVMs -->
        <test-method status="PASS" signature="testSimpleCluster()[pri:0, instance:fr.emn.optiplace.configuration.TestConfigurationGenerator@4c57b1ed]" name="testSimpleCluster" duration-ms="1" started-at="2014-02-18T16:19:26Z" finished-at="2014-02-18T16:19:26Z">
          <reporter-output>
          </reporter-output>
        </test-method> <!-- testSimpleCluster -->
        <test-method status="PASS" signature="simpleTest()[pri:0, instance:fr.emn.optiplace.configuration.TestConfigurationGenerator@4c57b1ed]" name="simpleTest" duration-ms="1" started-at="2014-02-18T16:19:26Z" finished-at="2014-02-18T16:19:26Z">
          <reporter-output>
          </reporter-output>
        </test-method> <!-- simpleTest -->
      </class> <!-- fr.emn.optiplace.configuration.TestConfigurationGenerator -->
      <class name="fr.emn.optiplace.core.packers.FastBinPackerTest">
        <test-method status="PASS" signature="testInsertDescreasing()[pri:0, instance:fr.emn.optiplace.core.packers.FastBinPackerTest@4a300d2]" name="testInsertDescreasing" duration-ms="149" started-at="2014-02-18T16:19:26Z" finished-at="2014-02-18T16:19:26Z">
          <reporter-output>
          </reporter-output>
        </test-method> <!-- testInsertDescreasing -->
      </class> <!-- fr.emn.optiplace.core.packers.FastBinPackerTest -->
      <class name="fr.emn.optiplace.tools.VMsPerMemTest">
        <test-method status="PASS" signature="testSimpleORdering()[pri:0, instance:fr.emn.optiplace.tools.VMsPerMemTest@116265c3]" name="testSimpleORdering" duration-ms="2" started-at="2014-02-18T16:19:25Z" finished-at="2014-02-18T16:19:25Z">
          <reporter-output>
          </reporter-output>
        </test-method> <!-- testSimpleORdering -->
      </class> <!-- fr.emn.optiplace.tools.VMsPerMemTest -->
      <class name="fr.emn.optiplace.configuration.TestSimpleManagedElementSet">
        <test-method status="PASS" signature="testEquals()[pri:0, instance:fr.emn.optiplace.configuration.TestSimpleManagedElementSet@22cf2994]" name="testEquals" duration-ms="0" started-at="2014-02-18T16:19:26Z" finished-at="2014-02-18T16:19:26Z">
          <reporter-output>
          </reporter-output>
        </test-method> <!-- testEquals -->
        <test-method status="PASS" signature="testAddAll()[pri:0, instance:fr.emn.optiplace.configuration.TestSimpleManagedElementSet@22cf2994]" name="testAddAll" duration-ms="0" started-at="2014-02-18T16:19:26Z" finished-at="2014-02-18T16:19:26Z">
          <reporter-output>
          </reporter-output>
        </test-method> <!-- testAddAll -->
        <test-method status="PASS" signature="testAdd()[pri:0, instance:fr.emn.optiplace.configuration.TestSimpleManagedElementSet@22cf2994]" name="testAdd" duration-ms="1" started-at="2014-02-18T16:19:26Z" finished-at="2014-02-18T16:19:26Z">
          <reporter-output>
          </reporter-output>
        </test-method> <!-- testAdd -->
        <test-method status="PASS" signature="testGetFromName()[pri:0, instance:fr.emn.optiplace.configuration.TestSimpleManagedElementSet@22cf2994]" name="testGetFromName" duration-ms="0" started-at="2014-02-18T16:19:26Z" finished-at="2014-02-18T16:19:26Z">
          <reporter-output>
          </reporter-output>
        </test-method> <!-- testGetFromName -->
        <test-method status="PASS" signature="testSelfContains()[pri:0, instance:fr.emn.optiplace.configuration.TestSimpleManagedElementSet@22cf2994]" name="testSelfContains" duration-ms="0" started-at="2014-02-18T16:19:26Z" finished-at="2014-02-18T16:19:26Z">
          <reporter-output>
          </reporter-output>
        </test-method> <!-- testSelfContains -->
        <test-method status="PASS" signature="testRetainAll()[pri:0, instance:fr.emn.optiplace.configuration.TestSimpleManagedElementSet@22cf2994]" name="testRetainAll" duration-ms="0" started-at="2014-02-18T16:19:26Z" finished-at="2014-02-18T16:19:26Z">
          <reporter-output>
          </reporter-output>
        </test-method> <!-- testRetainAll -->
        <test-method status="PASS" signature="testSet()[pri:0, instance:fr.emn.optiplace.configuration.TestSimpleManagedElementSet@22cf2994]" name="testSet" duration-ms="0" started-at="2014-02-18T16:19:26Z" finished-at="2014-02-18T16:19:26Z">
          <reporter-output>
          </reporter-output>
        </test-method> <!-- testSet -->
        <test-method status="PASS" signature="testRemove()[pri:0, instance:fr.emn.optiplace.configuration.TestSimpleManagedElementSet@22cf2994]" name="testRemove" duration-ms="0" started-at="2014-02-18T16:19:26Z" finished-at="2014-02-18T16:19:26Z">
          <reporter-output>
          </reporter-output>
        </test-method> <!-- testRemove -->
        <test-method status="PASS" signature="testClear()[pri:0, instance:fr.emn.optiplace.configuration.TestSimpleManagedElementSet@22cf2994]" name="testClear" duration-ms="1" started-at="2014-02-18T16:19:26Z" finished-at="2014-02-18T16:19:26Z">
          <reporter-output>
          </reporter-output>
        </test-method> <!-- testClear -->
        <test-method status="PASS" signature="testSingleton()[pri:0, instance:fr.emn.optiplace.configuration.TestSimpleManagedElementSet@22cf2994]" name="testSingleton" duration-ms="0" started-at="2014-02-18T16:19:26Z" finished-at="2014-02-18T16:19:26Z">
          <reporter-output>
          </reporter-output>
        </test-method> <!-- testSingleton -->
        <test-method status="PASS" signature="testCopyConstructor()[pri:0, instance:fr.emn.optiplace.configuration.TestSimpleManagedElementSet@22cf2994]" name="testCopyConstructor" duration-ms="0" started-at="2014-02-18T16:19:26Z" finished-at="2014-02-18T16:19:26Z">
          <reporter-output>
          </reporter-output>
        </test-method> <!-- testCopyConstructor -->
      </class> <!-- fr.emn.optiplace.configuration.TestSimpleManagedElementSet -->
      <class name="fr.emn.optiplace.core.PowerStateTest">
        <test-method status="PASS" signature="smallcentertest()[pri:0, instance:fr.emn.optiplace.core.PowerStateTest@bd649c5]" name="smallcentertest" duration-ms="144" started-at="2014-02-18T16:19:26Z" finished-at="2014-02-18T16:19:26Z">
          <reporter-output>
          </reporter-output>
        </test-method> <!-- smallcentertest -->
      </class> <!-- fr.emn.optiplace.core.PowerStateTest -->
      <class name="fr.emn.optiplace.configuration.TestVirtualMachineComparator">
        <test-method status="PASS" signature="testEquivalent()[pri:0, instance:fr.emn.optiplace.configuration.TestVirtualMachineComparator@698add5e]" name="testEquivalent" duration-ms="3" started-at="2014-02-18T16:19:26Z" finished-at="2014-02-18T16:19:26Z">
          <reporter-output>
          </reporter-output>
        </test-method> <!-- testEquivalent -->
        <test-method status="PASS" signature="testSort()[pri:0, instance:fr.emn.optiplace.configuration.TestVirtualMachineComparator@698add5e]" name="testSort" duration-ms="0" started-at="2014-02-18T16:19:26Z" finished-at="2014-02-18T16:19:26Z">
          <reporter-output>
          </reporter-output>
        </test-method> <!-- testSort -->
        <test-method status="PASS" signature="testNonEquivalent()[pri:0, instance:fr.emn.optiplace.configuration.TestVirtualMachineComparator@698add5e]" name="testNonEquivalent" duration-ms="0" started-at="2014-02-18T16:19:26Z" finished-at="2014-02-18T16:19:26Z">
          <reporter-output>
          </reporter-output>
        </test-method> <!-- testNonEquivalent -->
      </class> <!-- fr.emn.optiplace.configuration.TestVirtualMachineComparator -->
      <class name="fr.emn.optiplace.core.heuristics.StickVMsHeuristicTest">
        <test-method status="PASS" signature="testVMsByCPUTIMESMemIncreasing()[pri:0, instance:fr.emn.optiplace.core.heuristics.StickVMsHeuristicTest@1bcb7c74]" name="testVMsByCPUTIMESMemIncreasing" duration-ms="12" started-at="2014-02-18T16:19:25Z" finished-at="2014-02-18T16:19:25Z">
          <reporter-output>
          </reporter-output>
        </test-method> <!-- testVMsByCPUTIMESMemIncreasing -->
        <test-method status="PASS" signature="testSimpleConfigurationRemaining()[pri:0, instance:fr.emn.optiplace.core.heuristics.StickVMsHeuristicTest@1bcb7c74]" name="testSimpleConfigurationRemaining" duration-ms="11" started-at="2014-02-18T16:19:26Z" depends-on-methods="fr.emn.optiplace.core.heuristics.StickVMsHeuristicTest.testVMsByCPUTIMESMemIncreasing" finished-at="2014-02-18T16:19:26Z">
          <reporter-output>
          </reporter-output>
        </test-method> <!-- testSimpleConfigurationRemaining -->
      </class> <!-- fr.emn.optiplace.core.heuristics.StickVMsHeuristicTest -->
      <class name="fr.emn.optiplace.configuration.TestSimpleNode">
        <test-method status="PASS" signature="testMemoryTotal()[pri:0, instance:fr.emn.optiplace.configuration.TestSimpleNode@4685d9a4]" name="testMemoryTotal" duration-ms="0" started-at="2014-02-18T16:19:26Z" finished-at="2014-02-18T16:19:26Z">
          <reporter-output>
          </reporter-output>
        </test-method> <!-- testMemoryTotal -->
        <test-method status="PASS" signature="testEquals()[pri:0, instance:fr.emn.optiplace.configuration.TestSimpleNode@4685d9a4]" name="testEquals" duration-ms="0" started-at="2014-02-18T16:19:26Z" finished-at="2014-02-18T16:19:26Z">
          <reporter-output>
          </reporter-output>
        </test-method> <!-- testEquals -->
        <test-method status="PASS" signature="testPlatform()[pri:0, instance:fr.emn.optiplace.configuration.TestSimpleNode@4685d9a4]" name="testPlatform" duration-ms="1" started-at="2014-02-18T16:19:26Z" finished-at="2014-02-18T16:19:26Z">
          <reporter-output>
          </reporter-output>
        </test-method> <!-- testPlatform -->
        <test-method status="PASS" signature="testLazyConstructor()[pri:0, instance:fr.emn.optiplace.configuration.TestSimpleNode@4685d9a4]" name="testLazyConstructor" duration-ms="0" started-at="2014-02-18T16:19:26Z" finished-at="2014-02-18T16:19:26Z">
          <reporter-output>
          </reporter-output>
        </test-method> <!-- testLazyConstructor -->
        <test-method status="PASS" signature="testIPAddress()[pri:0, instance:fr.emn.optiplace.configuration.TestSimpleNode@4685d9a4]" name="testIPAddress" duration-ms="0" started-at="2014-02-18T16:19:26Z" finished-at="2014-02-18T16:19:26Z">
          <reporter-output>
          </reporter-output>
        </test-method> <!-- testIPAddress -->
        <test-method status="PASS" signature="testCPUCapacity()[pri:0, instance:fr.emn.optiplace.configuration.TestSimpleNode@4685d9a4]" name="testCPUCapacity" duration-ms="1" started-at="2014-02-18T16:19:26Z" finished-at="2014-02-18T16:19:26Z">
          <reporter-output>
          </reporter-output>
        </test-method> <!-- testCPUCapacity -->
        <test-method status="PASS" signature="testNbOfCPUs()[pri:0, instance:fr.emn.optiplace.configuration.TestSimpleNode@4685d9a4]" name="testNbOfCPUs" duration-ms="0" started-at="2014-02-18T16:19:26Z" finished-at="2014-02-18T16:19:26Z">
          <reporter-output>
          </reporter-output>
        </test-method> <!-- testNbOfCPUs -->
        <test-method status="PASS" signature="testCopyConstructor()[pri:0, instance:fr.emn.optiplace.configuration.TestSimpleNode@4685d9a4]" name="testCopyConstructor" duration-ms="0" started-at="2014-02-18T16:19:26Z" finished-at="2014-02-18T16:19:26Z">
          <reporter-output>
          </reporter-output>
        </test-method> <!-- testCopyConstructor -->
      </class> <!-- fr.emn.optiplace.configuration.TestSimpleNode -->
      <class name="fr.emn.optiplace.configuration.TestResourcePicker">
        <test-method status="PASS" signature="testVM()[pri:0, instance:fr.emn.optiplace.configuration.TestResourcePicker@21852a95]" name="testVM" duration-ms="0" started-at="2014-02-18T16:19:26Z" finished-at="2014-02-18T16:19:26Z">
          <reporter-output>
          </reporter-output>
        </test-method> <!-- testVM -->
        <test-method status="PASS" signature="testNode()[pri:0, instance:fr.emn.optiplace.configuration.TestResourcePicker@21852a95]" name="testNode" duration-ms="1" started-at="2014-02-18T16:19:26Z" finished-at="2014-02-18T16:19:26Z">
          <reporter-output>
          </reporter-output>
        </test-method> <!-- testNode -->
      </class> <!-- fr.emn.optiplace.configuration.TestResourcePicker -->
      <class name="fr.emn.optiplace.configuration.TestSimpleConfiguration">
        <test-method status="PASS" signature="testGetWaitings()[pri:0, instance:fr.emn.optiplace.configuration.TestSimpleConfiguration@3abdd3e7]" name="testGetWaitings" duration-ms="11" started-at="2014-02-18T16:19:25Z" finished-at="2014-02-18T16:19:25Z">
          <reporter-output>
          </reporter-output>
        </test-method> <!-- testGetWaitings -->
        <test-method status="PASS" signature="testClone()[pri:0, instance:fr.emn.optiplace.configuration.TestSimpleConfiguration@3abdd3e7]" name="testClone" duration-ms="5" started-at="2014-02-18T16:19:25Z" finished-at="2014-02-18T16:19:25Z">
          <reporter-output>
          </reporter-output>
        </test-method> <!-- testClone -->
        <test-method status="PASS" signature="testRemove()[pri:0, instance:fr.emn.optiplace.configuration.TestSimpleConfiguration@3abdd3e7]" name="testRemove" duration-ms="0" started-at="2014-02-18T16:19:25Z" finished-at="2014-02-18T16:19:25Z">
          <reporter-output>
          </reporter-output>
        </test-method> <!-- testRemove -->
        <test-method status="PASS" signature="testGetRunnings()[pri:0, instance:fr.emn.optiplace.configuration.TestSimpleConfiguration@3abdd3e7]" name="testGetRunnings" duration-ms="1" started-at="2014-02-18T16:19:25Z" finished-at="2014-02-18T16:19:25Z">
          <reporter-output>
          </reporter-output>
        </test-method> <!-- testGetRunnings -->
        <test-method status="PASS" signature="testAddOffline()[pri:0, instance:fr.emn.optiplace.configuration.TestSimpleConfiguration@3abdd3e7]" name="testAddOffline" duration-ms="1" started-at="2014-02-18T16:19:25Z" finished-at="2014-02-18T16:19:25Z">
          <reporter-output>
          </reporter-output>
        </test-method> <!-- testAddOffline -->
        <test-method status="PASS" signature="testGetOnlines()[pri:0, instance:fr.emn.optiplace.configuration.TestSimpleConfiguration@3abdd3e7]" name="testGetOnlines" duration-ms="1" started-at="2014-02-18T16:19:25Z" finished-at="2014-02-18T16:19:25Z">
          <reporter-output>
          </reporter-output>
        </test-method> <!-- testGetOnlines -->
        <test-method status="PASS" signature="testGetSleepings()[pri:0, instance:fr.emn.optiplace.configuration.TestSimpleConfiguration@3abdd3e7]" name="testGetSleepings" duration-ms="1" started-at="2014-02-18T16:19:25Z" finished-at="2014-02-18T16:19:26Z">
          <reporter-output>
          </reporter-output>
        </test-method> <!-- testGetSleepings -->
        <test-method status="PASS" signature="testVMStateConsistency()[pri:0, instance:fr.emn.optiplace.configuration.TestSimpleConfiguration@3abdd3e7]" name="testVMStateConsistency" duration-ms="1" started-at="2014-02-18T16:19:26Z" finished-at="2014-02-18T16:19:26Z">
          <reporter-output>
          </reporter-output>
        </test-method> <!-- testVMStateConsistency -->
        <test-method status="PASS" signature="testSetRunOn()[pri:0, instance:fr.emn.optiplace.configuration.TestSimpleConfiguration@3abdd3e7]" name="testSetRunOn" duration-ms="1" started-at="2014-02-18T16:19:26Z" finished-at="2014-02-18T16:19:26Z">
          <reporter-output>
          </reporter-output>
        </test-method> <!-- testSetRunOn -->
        <test-method status="PASS" signature="testAddWaiting()[pri:0, instance:fr.emn.optiplace.configuration.TestSimpleConfiguration@3abdd3e7]" name="testAddWaiting" duration-ms="1" started-at="2014-02-18T16:19:26Z" finished-at="2014-02-18T16:19:26Z">
          <reporter-output>
          </reporter-output>
        </test-method> <!-- testAddWaiting -->
        <test-method status="PASS" signature="testEquals()[pri:0, instance:fr.emn.optiplace.configuration.TestSimpleConfiguration@3abdd3e7]" name="testEquals" duration-ms="2" started-at="2014-02-18T16:19:26Z" finished-at="2014-02-18T16:19:26Z">
          <reporter-output>
          </reporter-output>
        </test-method> <!-- testEquals -->
        <test-method status="PASS" signature="testToString()[pri:0, instance:fr.emn.optiplace.configuration.TestSimpleConfiguration@3abdd3e7]" name="testToString" duration-ms="2" started-at="2014-02-18T16:19:26Z" finished-at="2014-02-18T16:19:26Z">
          <reporter-output>
          </reporter-output>
        </test-method> <!-- testToString -->
        <test-method status="PASS" signature="testAddOnline2()[pri:0, instance:fr.emn.optiplace.configuration.TestSimpleConfiguration@3abdd3e7]" name="testAddOnline2" duration-ms="1" started-at="2014-02-18T16:19:26Z" finished-at="2014-02-18T16:19:26Z">
          <reporter-output>
          </reporter-output>
        </test-method> <!-- testAddOnline2 -->
        <test-method status="PASS" signature="testSetSleepOn()[pri:0, instance:fr.emn.optiplace.configuration.TestSimpleConfiguration@3abdd3e7]" name="testSetSleepOn" duration-ms="1" started-at="2014-02-18T16:19:26Z" finished-at="2014-02-18T16:19:26Z">
          <reporter-output>
          </reporter-output>
        </test-method> <!-- testSetSleepOn -->
        <test-method status="PASS" signature="testGetLocation()[pri:0, instance:fr.emn.optiplace.configuration.TestSimpleConfiguration@3abdd3e7]" name="testGetLocation" duration-ms="1" started-at="2014-02-18T16:19:26Z" finished-at="2014-02-18T16:19:26Z">
          <reporter-output>
          </reporter-output>
        </test-method> <!-- testGetLocation -->
        <test-method status="PASS" signature="testCopyConstructor()[pri:0, instance:fr.emn.optiplace.configuration.TestSimpleConfiguration@3abdd3e7]" name="testCopyConstructor" duration-ms="2" started-at="2014-02-18T16:19:26Z" finished-at="2014-02-18T16:19:26Z">
          <reporter-output>
          </reporter-output>
        </test-method> <!-- testCopyConstructor -->
        <test-method status="PASS" signature="testAddOnline()[pri:0, instance:fr.emn.optiplace.configuration.TestSimpleConfiguration@3abdd3e7]" name="testAddOnline" duration-ms="0" started-at="2014-02-18T16:19:26Z" finished-at="2014-02-18T16:19:26Z">
          <reporter-output>
          </reporter-output>
        </test-method> <!-- testAddOnline -->
        <test-method status="PASS" signature="testNotEquals()[pri:0, instance:fr.emn.optiplace.configuration.TestSimpleConfiguration@3abdd3e7]" name="testNotEquals" duration-ms="3" started-at="2014-02-18T16:19:26Z" finished-at="2014-02-18T16:19:26Z">
          <reporter-output>
          </reporter-output>
        </test-method> <!-- testNotEquals -->
      </class> <!-- fr.emn.optiplace.configuration.TestSimpleConfiguration -->
    </test> <!-- Command line test -->
  </suite> <!-- Command line suite -->
</testng-results>
