<?xml version="1.0" encoding="UTF-8" ?>
<testsuite failures="0" time="1.634" errors="0" skipped="0" tests="83" name="TestSuite">
  <properties>
[...]
</properties>
  <testcase time="0.01" classname="fr.emn.optiplace.core.heuristics.StickVMsHeuristicTest" name="testVMsByCPUTIMESMemIncreasing"/>
  <testcase time="0.001" classname="fr.emn.optiplace.tools.VMsPerMemTest" name="testSimpleORdering"/>
  <testcase time="0.011" classname="fr.emn.optiplace.configuration.TestSimpleConfiguration" name="testGetWaitings"/>
  <testcase time="0.004" classname="fr.emn.optiplace.configuration.TestSimpleConfiguration" name="testClone"/>
  <testcase time="0" classname="fr.emn.optiplace.configuration.TestSimpleConfiguration" name="testRemove"/>
  <testcase time="0.001" classname="fr.emn.optiplace.configuration.TestSimpleConfiguration" name="testGetRunnings"/>
  <testcase time="0.001" classname="fr.emn.optiplace.configuration.TestSimpleConfiguration" name="testAddOffline"/>
  <testcase time="0.001" classname="fr.emn.optiplace.configuration.TestSimpleConfiguration" name="testGetOnlines"/>
  <testcase time="0.001" classname="fr.emn.optiplace.configuration.TestSimpleConfiguration" name="testGetSleepings"/>
  <testcase time="0.001" classname="fr.emn.optiplace.configuration.TestSimpleConfiguration" name="testVMStateConsistency"/>
  <testcase time="0.002" classname="fr.emn.optiplace.configuration.TestSimpleConfiguration" name="testSetRunOn"/>
  <testcase time="0.001" classname="fr.emn.optiplace.configuration.TestSimpleConfiguration" name="testAddWaiting"/>
  <testcase time="0.002" classname="fr.emn.optiplace.configuration.TestSimpleConfiguration" name="testEquals"/>
  <testcase time="0.001" classname="fr.emn.optiplace.configuration.TestSimpleConfiguration" name="testToString"/>
  <testcase time="0.001" classname="fr.emn.optiplace.configuration.TestSimpleConfiguration" name="testAddOnline2"/>
  <testcase time="0.001" classname="fr.emn.optiplace.configuration.TestSimpleConfiguration" name="testSetSleepOn"/>
  <testcase time="0.001" classname="fr.emn.optiplace.configuration.TestSimpleConfiguration" name="testGetLocation"/>
  <testcase time="0" classname="fr.emn.optiplace.configuration.TestSimpleConfiguration" name="testAddOnline"/>
  <testcase time="0.001" classname="fr.emn.optiplace.configuration.TestSimpleConfiguration" name="testCopyConstructor"/>
  <testcase time="0.003" classname="fr.emn.optiplace.configuration.TestSimpleConfiguration" name="testNotEquals"/>
  <testcase time="0.003" classname="fr.emn.optiplace.configuration.TestVirtualMachineComparator" name="testEquivalent"/>
  <testcase time="0.001" classname="fr.emn.optiplace.configuration.TestVirtualMachineComparator" name="testSort"/>
  <testcase time="0" classname="fr.emn.optiplace.configuration.TestVirtualMachineComparator" name="testNonEquivalent"/>
  <testcase time="0" classname="fr.emn.optiplace.configuration.TestSimpleVirtualMachine" name="testCopyConstructor"/>
  <testcase time="0" classname="fr.emn.optiplace.configuration.TestSimpleVirtualMachine" name="testWithNoNeeds"/>
  <testcase time="0" classname="fr.emn.optiplace.configuration.TestSimpleVirtualMachine" name="testCPUConsumption"/>
  <testcase time="0" classname="fr.emn.optiplace.configuration.TestSimpleVirtualMachine" name="testTemplate"/>
  <testcase time="0" classname="fr.emn.optiplace.configuration.TestSimpleVirtualMachine" name="testToString"/>
  <testcase time="0" classname="fr.emn.optiplace.configuration.TestSimpleVirtualMachine" name="testWithNeeds"/>
  <testcase time="0" classname="fr.emn.optiplace.configuration.TestSimpleVirtualMachine" name="testPlatform"/>
  <testcase time="0" classname="fr.emn.optiplace.configuration.TestSimpleVirtualMachine" name="testEquals"/>
  <testcase time="0" classname="fr.emn.optiplace.configuration.TestSimpleVirtualMachine" name="testCPUMax"/>
  <testcase time="0" classname="fr.emn.optiplace.configuration.TestSimpleVirtualMachine" name="testNbOfCPUs"/>
  <testcase time="0" classname="fr.emn.optiplace.configuration.TestSimpleVirtualMachine" name="testLazyConstructors"/>
  <testcase time="0" classname="fr.emn.optiplace.configuration.TestSimpleVirtualMachine" name="testMemoryTotal"/>
  <testcase time="0.001" classname="fr.emn.optiplace.configuration.TestConfiguration" name="testGetOnlines"/>
  <testcase time="0.001" classname="fr.emn.optiplace.configuration.TestConfiguration" name="testAddOffline"/>
  <testcase time="0.001" classname="fr.emn.optiplace.configuration.TestConfiguration" name="testGetSleepingLocation"/>
  <testcase time="0.001" classname="fr.emn.optiplace.configuration.TestConfiguration" name="testGetSleepings"/>
  <testcase time="0.001" classname="fr.emn.optiplace.configuration.TestConfiguration" name="testSetSleepOn"/>
  <testcase time="0.001" classname="fr.emn.optiplace.configuration.TestConfiguration" name="testRemove"/>
  <testcase time="0.001" classname="fr.emn.optiplace.configuration.TestConfiguration" name="testGetRunnings"/>
  <testcase time="0.001" classname="fr.emn.optiplace.configuration.TestConfiguration" name="testGetWaitings"/>
  <testcase time="0.001" classname="fr.emn.optiplace.configuration.TestConfiguration" name="testGetRunningLocation"/>
  <testcase time="0.001" classname="fr.emn.optiplace.configuration.TestConfiguration" name="testSetRunOn"/>
  <testcase time="0.004" classname="fr.emn.optiplace.configuration.TestConfiguration" name="testNotEquals"/>
  <testcase time="0.001" classname="fr.emn.optiplace.configuration.TestConfiguration" name="testAddWaiting"/>
  <testcase time="0.001" classname="fr.emn.optiplace.configuration.TestConfiguration" name="testAddOnline"/>
  <testcase time="0.001" classname="fr.emn.optiplace.configuration.TestConfiguration" name="testToString"/>
  <testcase time="0.002" classname="fr.emn.optiplace.configuration.TestConfiguration" name="testEquals"/>
  <testcase time="0" classname="fr.emn.optiplace.configuration.TestConfiguration" name="testGetPosition"/>
  <testcase time="0" classname="fr.emn.optiplace.configuration.TestResourcePicker" name="testVM"/>
  <testcase time="0.001" classname="fr.emn.optiplace.configuration.TestResourcePicker" name="testNode"/>
  <testcase time="0" classname="fr.emn.optiplace.configuration.TestSimpleNode" name="testEquals"/>
  <testcase time="0" classname="fr.emn.optiplace.configuration.TestSimpleNode" name="testMemoryTotal"/>
  <testcase time="0" classname="fr.emn.optiplace.configuration.TestSimpleNode" name="testPlatform"/>
  <testcase time="0" classname="fr.emn.optiplace.configuration.TestSimpleNode" name="testLazyConstructor"/>
  <testcase time="0" classname="fr.emn.optiplace.configuration.TestSimpleNode" name="testIPAddress"/>
  <testcase time="0" classname="fr.emn.optiplace.configuration.TestSimpleNode" name="testNbOfCPUs"/>
  <testcase time="0" classname="fr.emn.optiplace.configuration.TestSimpleNode" name="testCopyConstructor"/>
  <testcase time="0" classname="fr.emn.optiplace.configuration.TestSimpleNode" name="testCPUCapacity"/>
  <testcase time="0.001" classname="fr.emn.optiplace.configuration.TestSimpleManagedElementSet" name="testEquals"/>
  <testcase time="0" classname="fr.emn.optiplace.configuration.TestSimpleManagedElementSet" name="testAddAll"/>
  <testcase time="0" classname="fr.emn.optiplace.configuration.TestSimpleManagedElementSet" name="testGetFromName"/>
  <testcase time="0" classname="fr.emn.optiplace.configuration.TestSimpleManagedElementSet" name="testAdd"/>
  <testcase time="0" classname="fr.emn.optiplace.configuration.TestSimpleManagedElementSet" name="testRetainAll"/>
  <testcase time="0.001" classname="fr.emn.optiplace.configuration.TestSimpleManagedElementSet" name="testSelfContains"/>
  <testcase time="0" classname="fr.emn.optiplace.configuration.TestSimpleManagedElementSet" name="testRemove"/>
  <testcase time="0" classname="fr.emn.optiplace.configuration.TestSimpleManagedElementSet" name="testSet"/>
  <testcase time="0" classname="fr.emn.optiplace.configuration.TestSimpleManagedElementSet" name="testSingleton"/>
  <testcase time="0" classname="fr.emn.optiplace.configuration.TestSimpleManagedElementSet" name="testCopyConstructor"/>
  <testcase time="0" classname="fr.emn.optiplace.configuration.TestSimpleManagedElementSet" name="testClear"/>
  <testcase time="0.004" classname="fr.emn.optiplace.configuration.parser.TestPlainTextConfigurationSerializer" name="test"/>
  <testcase time="0.001" classname="fr.emn.optiplace.configuration.parser.TestPlainTextConfigurationSerializer" name="testBadContent"/>
  <testcase time="0.001" classname="fr.emn.optiplace.configuration.parser.TestPlainTextConfigurationSerializer" name="testUnknownFile"/>
  <testcase time="0.001" classname="fr.emn.optiplace.configuration.TestConfigurationGenerator" name="testBunchOfVMs"/>
  <testcase time="0" classname="fr.emn.optiplace.configuration.TestConfigurationGenerator" name="testSimpleCluster"/>
  <testcase time="0" classname="fr.emn.optiplace.configuration.TestConfigurationGenerator" name="simpleTest"/>
  <testcase time="0.144" classname="fr.emn.optiplace.core.PowerStateTest" name="smallcentertest"/>
  <testcase time="0.149" classname="fr.emn.optiplace.core.packers.FastBinPackerTest" name="testInsertDescreasing"/>
  <testcase time="0.409" classname="fr.emn.optiplace.core.packers.TestFastBinPacking" name="testLoadSup"/>
  <testcase time="0.019" classname="fr.emn.optiplace.core.packers.TestFastBinPacking" name="testGuillaume"/>
  <testcase time="0.011" classname="fr.emn.optiplace.core.heuristics.StickVMsHeuristicTest" name="testSimpleConfigurationRemaining"/>
</testsuite>