<?xml version="1.0" encoding="UTF-8"?>
<testng-results skipped="0" failed="0" total="0" passed="0">
  <reporter-output>
  </reporter-output>
  <suite name="entropy.configuration.graphics.SVGCreatorTest" duration-ms="3" started-at="2013-11-29T15:46:25Z" finished-at="2013-11-29T15:46:25Z">
    <groups>
    </groups>
    <test name="Command line test" duration-ms="3" started-at="2013-11-29T15:46:25Z" finished-at="2013-11-29T15:46:25Z">
    </test> <!-- Command line test -->
  </suite> <!-- entropy.configuration.graphics.SVGCreatorTest -->
</testng-results>
