<?xml version="1.0" encoding="UTF-8"?>
<!-- Generated by org.testng.reporters.JUnitXMLReporter -->
<testsuite hostname="guillaume-HP-Z200-Workstation" name="Command line test" tests="83" failures="0" timestamp="18 Feb 2014 15:19:26 GMT" time="0.85" errors="0">
  <testcase name="testVMsByCPUTIMESMemIncreasing" time="0.012" classname="fr.emn.optiplace.core.heuristics.StickVMsHeuristicTest"/>
  <testcase name="testSimpleORdering" time="0.002" classname="fr.emn.optiplace.tools.VMsPerMemTest"/>
  <testcase name="testGetWaitings" time="0.011" classname="fr.emn.optiplace.configuration.TestSimpleConfiguration"/>
  <testcase name="testClone" time="0.005" classname="fr.emn.optiplace.configuration.TestSimpleConfiguration"/>
  <testcase name="testRemove" time="0.0" classname="fr.emn.optiplace.configuration.TestSimpleConfiguration"/>
  <testcase name="testGetRunnings" time="0.001" classname="fr.emn.optiplace.configuration.TestSimpleConfiguration"/>
  <testcase name="testAddOffline" time="0.001" classname="fr.emn.optiplace.configuration.TestSimpleConfiguration"/>
  <testcase name="testGetOnlines" time="0.001" classname="fr.emn.optiplace.configuration.TestSimpleConfiguration"/>
  <testcase name="testGetSleepings" time="0.001" classname="fr.emn.optiplace.configuration.TestSimpleConfiguration"/>
  <testcase name="testVMStateConsistency" time="0.001" classname="fr.emn.optiplace.configuration.TestSimpleConfiguration"/>
  <testcase name="testSetRunOn" time="0.001" classname="fr.emn.optiplace.configuration.TestSimpleConfiguration"/>
  <testcase name="testAddWaiting" time="0.001" classname="fr.emn.optiplace.configuration.TestSimpleConfiguration"/>
  <testcase name="testEquals" time="0.002" classname="fr.emn.optiplace.configuration.TestSimpleConfiguration"/>
  <testcase name="testToString" time="0.002" classname="fr.emn.optiplace.configuration.TestSimpleConfiguration"/>
  <testcase name="testAddOnline2" time="0.001" classname="fr.emn.optiplace.configuration.TestSimpleConfiguration"/>
  <testcase name="testSetSleepOn" time="0.001" classname="fr.emn.optiplace.configuration.TestSimpleConfiguration"/>
  <testcase name="testGetLocation" time="0.001" classname="fr.emn.optiplace.configuration.TestSimpleConfiguration"/>
  <testcase name="testAddOnline" time="0.0" classname="fr.emn.optiplace.configuration.TestSimpleConfiguration"/>
  <testcase name="testCopyConstructor" time="0.002" classname="fr.emn.optiplace.configuration.TestSimpleConfiguration"/>
  <testcase name="testNotEquals" time="0.003" classname="fr.emn.optiplace.configuration.TestSimpleConfiguration"/>
  <testcase name="testEquivalent" time="0.003" classname="fr.emn.optiplace.configuration.TestVirtualMachineComparator"/>
  <testcase name="testSort" time="0.0" classname="fr.emn.optiplace.configuration.TestVirtualMachineComparator"/>
  <testcase name="testNonEquivalent" time="0.0" classname="fr.emn.optiplace.configuration.TestVirtualMachineComparator"/>
  <testcase name="testCopyConstructor" time="0.0" classname="fr.emn.optiplace.configuration.TestSimpleVirtualMachine"/>
  <testcase name="testWithNoNeeds" time="0.0" classname="fr.emn.optiplace.configuration.TestSimpleVirtualMachine"/>
  <testcase name="testCPUConsumption" time="0.0" classname="fr.emn.optiplace.configuration.TestSimpleVirtualMachine"/>
  <testcase name="testTemplate" time="0.0" classname="fr.emn.optiplace.configuration.TestSimpleVirtualMachine"/>
  <testcase name="testToString" time="0.001" classname="fr.emn.optiplace.configuration.TestSimpleVirtualMachine"/>
  <testcase name="testWithNeeds" time="0.0" classname="fr.emn.optiplace.configuration.TestSimpleVirtualMachine"/>
  <testcase name="testPlatform" time="0.0" classname="fr.emn.optiplace.configuration.TestSimpleVirtualMachine"/>
  <testcase name="testEquals" time="0.001" classname="fr.emn.optiplace.configuration.TestSimpleVirtualMachine"/>
  <testcase name="testCPUMax" time="0.0" classname="fr.emn.optiplace.configuration.TestSimpleVirtualMachine"/>
  <testcase name="testNbOfCPUs" time="0.0" classname="fr.emn.optiplace.configuration.TestSimpleVirtualMachine"/>
  <testcase name="testLazyConstructors" time="0.001" classname="fr.emn.optiplace.configuration.TestSimpleVirtualMachine"/>
  <testcase name="testMemoryTotal" time="0.0" classname="fr.emn.optiplace.configuration.TestSimpleVirtualMachine"/>
  <testcase name="testGetOnlines" time="0.001" classname="fr.emn.optiplace.configuration.TestConfiguration"/>
  <testcase name="testAddOffline" time="0.001" classname="fr.emn.optiplace.configuration.TestConfiguration"/>
  <testcase name="testGetSleepingLocation" time="0.0" classname="fr.emn.optiplace.configuration.TestConfiguration"/>
  <testcase name="testGetSleepings" time="0.0" classname="fr.emn.optiplace.configuration.TestConfiguration"/>
  <testcase name="testSetSleepOn" time="0.001" classname="fr.emn.optiplace.configuration.TestConfiguration"/>
  <testcase name="testRemove" time="0.001" classname="fr.emn.optiplace.configuration.TestConfiguration"/>
  <testcase name="testGetRunnings" time="0.001" classname="fr.emn.optiplace.configuration.TestConfiguration"/>
  <testcase name="testGetWaitings" time="0.001" classname="fr.emn.optiplace.configuration.TestConfiguration"/>
  <testcase name="testGetRunningLocation" time="0.001" classname="fr.emn.optiplace.configuration.TestConfiguration"/>
  <testcase name="testSetRunOn" time="0.001" classname="fr.emn.optiplace.configuration.TestConfiguration"/>
  <testcase name="testNotEquals" time="0.003" classname="fr.emn.optiplace.configuration.TestConfiguration"/>
  <testcase name="testAddWaiting" time="0.001" classname="fr.emn.optiplace.configuration.TestConfiguration"/>
  <testcase name="testAddOnline" time="0.001" classname="fr.emn.optiplace.configuration.TestConfiguration"/>
  <testcase name="testToString" time="0.001" classname="fr.emn.optiplace.configuration.TestConfiguration"/>
  <testcase name="testEquals" time="0.001" classname="fr.emn.optiplace.configuration.TestConfiguration"/>
  <testcase name="testGetPosition" time="0.0" classname="fr.emn.optiplace.configuration.TestConfiguration"/>
  <testcase name="testVM" time="0.0" classname="fr.emn.optiplace.configuration.TestResourcePicker"/>
  <testcase name="testNode" time="0.001" classname="fr.emn.optiplace.configuration.TestResourcePicker"/>
  <testcase name="testEquals" time="0.0" classname="fr.emn.optiplace.configuration.TestSimpleNode"/>
  <testcase name="testMemoryTotal" time="0.0" classname="fr.emn.optiplace.configuration.TestSimpleNode"/>
  <testcase name="testPlatform" time="0.001" classname="fr.emn.optiplace.configuration.TestSimpleNode"/>
  <testcase name="testLazyConstructor" time="0.0" classname="fr.emn.optiplace.configuration.TestSimpleNode"/>
  <testcase name="testIPAddress" time="0.0" classname="fr.emn.optiplace.configuration.TestSimpleNode"/>
  <testcase name="testNbOfCPUs" time="0.0" classname="fr.emn.optiplace.configuration.TestSimpleNode"/>
  <testcase name="testCopyConstructor" time="0.0" classname="fr.emn.optiplace.configuration.TestSimpleNode"/>
  <testcase name="testCPUCapacity" time="0.001" classname="fr.emn.optiplace.configuration.TestSimpleNode"/>
  <testcase name="testEquals" time="0.0" classname="fr.emn.optiplace.configuration.TestSimpleManagedElementSet"/>
  <testcase name="testAddAll" time="0.0" classname="fr.emn.optiplace.configuration.TestSimpleManagedElementSet"/>
  <testcase name="testGetFromName" time="0.0" classname="fr.emn.optiplace.configuration.TestSimpleManagedElementSet"/>
  <testcase name="testAdd" time="0.001" classname="fr.emn.optiplace.configuration.TestSimpleManagedElementSet"/>
  <testcase name="testRetainAll" time="0.0" classname="fr.emn.optiplace.configuration.TestSimpleManagedElementSet"/>
  <testcase name="testSelfContains" time="0.0" classname="fr.emn.optiplace.configuration.TestSimpleManagedElementSet"/>
  <testcase name="testRemove" time="0.0" classname="fr.emn.optiplace.configuration.TestSimpleManagedElementSet"/>
  <testcase name="testSet" time="0.0" classname="fr.emn.optiplace.configuration.TestSimpleManagedElementSet"/>
  <testcase name="testSingleton" time="0.0" classname="fr.emn.optiplace.configuration.TestSimpleManagedElementSet"/>
  <testcase name="testCopyConstructor" time="0.0" classname="fr.emn.optiplace.configuration.TestSimpleManagedElementSet"/>
  <testcase name="testClear" time="0.001" classname="fr.emn.optiplace.configuration.TestSimpleManagedElementSet"/>
  <testcase name="test" time="0.004" classname="fr.emn.optiplace.configuration.parser.TestPlainTextConfigurationSerializer"/>
  <testcase name="testBadContent" time="0.001" classname="fr.emn.optiplace.configuration.parser.TestPlainTextConfigurationSerializer"/>
  <testcase name="testUnknownFile" time="0.0" classname="fr.emn.optiplace.configuration.parser.TestPlainTextConfigurationSerializer"/>
  <testcase name="testBunchOfVMs" time="0.001" classname="fr.emn.optiplace.configuration.TestConfigurationGenerator"/>
  <testcase name="testSimpleCluster" time="0.001" classname="fr.emn.optiplace.configuration.TestConfigurationGenerator"/>
  <testcase name="simpleTest" time="0.001" classname="fr.emn.optiplace.configuration.TestConfigurationGenerator"/>
  <testcase name="smallcentertest" time="0.144" classname="fr.emn.optiplace.core.PowerStateTest"/>
  <testcase name="testInsertDescreasing" time="0.149" classname="fr.emn.optiplace.core.packers.FastBinPackerTest"/>
  <testcase name="testLoadSup" time="0.409" classname="fr.emn.optiplace.core.packers.TestFastBinPacking"/>
  <testcase name="testGuillaume" time="0.018" classname="fr.emn.optiplace.core.packers.TestFastBinPacking"/>
  <testcase name="testSimpleConfigurationRemaining" time="0.011" classname="fr.emn.optiplace.core.heuristics.StickVMsHeuristicTest"/>
</testsuite> <!-- Command line test -->
