<?xml version="1.0" encoding="UTF-8"?>
<!-- Generated by org.testng.reporters.JUnitXMLReporter -->
<testsuite hostname="guillaume-HP-Z200-Workstation" name="Default test" tests="11" failures="0" timestamp="17 Feb 2014 16:02:00 GMT" time="0.062" errors="0">
  <testcase name="testAdd" time="0.024" classname="fr.emn.optiplace.configuration.TestSimpleManagedElementSet"/>
  <testcase name="testAddAll" time="0.0" classname="fr.emn.optiplace.configuration.TestSimpleManagedElementSet"/>
  <testcase name="testClear" time="0.0" classname="fr.emn.optiplace.configuration.TestSimpleManagedElementSet"/>
  <testcase name="testCopyConstructor" time="0.0" classname="fr.emn.optiplace.configuration.TestSimpleManagedElementSet"/>
  <testcase name="testEquals" time="0.001" classname="fr.emn.optiplace.configuration.TestSimpleManagedElementSet"/>
  <testcase name="testGetFromName" time="0.0" classname="fr.emn.optiplace.configuration.TestSimpleManagedElementSet"/>
  <testcase name="testRemove" time="0.0" classname="fr.emn.optiplace.configuration.TestSimpleManagedElementSet"/>
  <testcase name="testRetainAll" time="0.001" classname="fr.emn.optiplace.configuration.TestSimpleManagedElementSet"/>
  <testcase name="testSelfContains" time="0.005" classname="fr.emn.optiplace.configuration.TestSimpleManagedElementSet"/>
  <testcase name="testSet" time="0.001" classname="fr.emn.optiplace.configuration.TestSimpleManagedElementSet"/>
  <testcase name="testSingleton" time="0.001" classname="fr.emn.optiplace.configuration.TestSimpleManagedElementSet"/>
</testsuite> <!-- Default test -->
